{"/Users/andeladeveloper/More-Recipes/app.js":{"path":"/Users/andeladeveloper/More-Recipes/app.js","statementMap":{"0":{"start":{"line":3,"column":0},"end":{"line":5,"column":3}},"1":{"start":{"line":7,"column":15},"end":{"line":7,"column":33}},"2":{"start":{"line":9,"column":16},"end":{"line":9,"column":48}},"3":{"start":{"line":11,"column":18},"end":{"line":11,"column":40}},"4":{"start":{"line":13,"column":19},"end":{"line":13,"column":54}},"5":{"start":{"line":15,"column":14},"end":{"line":15,"column":31}},"6":{"start":{"line":17,"column":15},"end":{"line":17,"column":46}},"7":{"start":{"line":19,"column":12},"end":{"line":19,"column":27}},"8":{"start":{"line":21,"column":13},"end":{"line":21,"column":42}},"9":{"start":{"line":23,"column":15},"end":{"line":23,"column":33}},"10":{"start":{"line":25,"column":16},"end":{"line":25,"column":48}},"11":{"start":{"line":27,"column":15},"end":{"line":27,"column":33}},"12":{"start":{"line":29,"column":16},"end":{"line":29,"column":48}},"13":{"start":{"line":31,"column":28},"end":{"line":31,"column":61}},"14":{"start":{"line":33,"column":29},"end":{"line":33,"column":74}},"15":{"start":{"line":35,"column":24},"end":{"line":35,"column":52}},"16":{"start":{"line":37,"column":25},"end":{"line":37,"column":66}},"17":{"start":{"line":39,"column":16},"end":{"line":39,"column":43}},"18":{"start":{"line":41,"column":16},"end":{"line":41,"column":49}},"19":{"start":{"line":43,"column":14},"end":{"line":43,"column":40}},"20":{"start":{"line":45,"column":15},"end":{"line":45,"column":46}},"21":{"start":{"line":47,"column":39},"end":{"line":47,"column":93}},"22":{"start":{"line":49,"column":0},"end":{"line":49,"column":26}},"23":{"start":{"line":51,"column":10},"end":{"line":51,"column":34}},"24":{"start":{"line":53,"column":0},"end":{"line":53,"column":88}},"25":{"start":{"line":55,"column":0},"end":{"line":55,"column":37}},"26":{"start":{"line":56,"column":0},"end":{"line":56,"column":62}},"27":{"start":{"line":58,"column":0},"end":{"line":58,"column":54}},"28":{"start":{"line":59,"column":0},"end":{"line":59,"column":62}},"29":{"start":{"line":60,"column":0},"end":{"line":60,"column":43}},"30":{"start":{"line":61,"column":0},"end":{"line":61,"column":26}},"31":{"start":{"line":63,"column":0},"end":{"line":65,"column":3}},"32":{"start":{"line":64,"column":2},"end":{"line":64,"column":70}},"33":{"start":{"line":66,"column":11},"end":{"line":66,"column":35}},"34":{"start":{"line":67,"column":0},"end":{"line":69,"column":3}},"35":{"start":{"line":68,"column":2},"end":{"line":68,"column":55}},"36":{"start":{"line":70,"column":0},"end":{"line":70,"column":22}}},"fnMap":{"0":{"name":"_interopRequireDefault","decl":{"start":{"line":47,"column":9},"end":{"line":47,"column":31}},"loc":{"start":{"line":47,"column":37},"end":{"line":47,"column":95}},"line":47},"1":{"name":"(anonymous_1)","decl":{"start":{"line":63,"column":13},"end":{"line":63,"column":14}},"loc":{"start":{"line":63,"column":33},"end":{"line":65,"column":1}},"line":63},"2":{"name":"(anonymous_2)","decl":{"start":{"line":67,"column":17},"end":{"line":67,"column":18}},"loc":{"start":{"line":67,"column":29},"end":{"line":69,"column":1}},"line":67}},"branchMap":{"0":{"loc":{"start":{"line":47,"column":46},"end":{"line":47,"column":92}},"type":"cond-expr","locations":[{"start":{"line":47,"column":70},"end":{"line":47,"column":73}},{"start":{"line":47,"column":76},"end":{"line":47,"column":92}}],"line":47},"1":{"loc":{"start":{"line":47,"column":46},"end":{"line":47,"column":67}},"type":"binary-expr","locations":[{"start":{"line":47,"column":46},"end":{"line":47,"column":49}},{"start":{"line":47,"column":53},"end":{"line":47,"column":67}}],"line":47},"2":{"loc":{"start":{"line":66,"column":11},"end":{"line":66,"column":35}},"type":"binary-expr","locations":[{"start":{"line":66,"column":11},"end":{"line":66,"column":27}},{"start":{"line":66,"column":31},"end":{"line":66,"column":35}}],"line":66}},"s":{"0":1,"1":1,"2":1,"3":1,"4":1,"5":1,"6":1,"7":1,"8":1,"9":1,"10":1,"11":1,"12":1,"13":1,"14":1,"15":1,"16":1,"17":1,"18":1,"19":1,"20":1,"21":10,"22":1,"23":1,"24":1,"25":1,"26":1,"27":1,"28":1,"29":1,"30":1,"31":1,"32":0,"33":1,"34":1,"35":1,"36":1},"f":{"0":10,"1":0,"2":1},"b":{"0":[1,9],"1":[10,10],"2":[1,1]},"_coverageSchema":"332fd63041d2c1bcb487cc26dd0d5f7d97098a6c","hash":"cf484236c86ee51fff280b280f55aa7923a984e7","contentHash":"1811b92a2dbebf62581672027905f0a6_11.2.1"},"/Users/andeladeveloper/More-Recipes/webpack.config.js":{"path":"/Users/andeladeveloper/More-Recipes/webpack.config.js","statementMap":{"0":{"start":{"line":3,"column":12},"end":{"line":3,"column":27}},"1":{"start":{"line":5,"column":13},"end":{"line":5,"column":42}},"2":{"start":{"line":7,"column":15},"end":{"line":7,"column":33}},"3":{"start":{"line":9,"column":16},"end":{"line":9,"column":48}},"4":{"start":{"line":11,"column":39},"end":{"line":11,"column":93}},"5":{"start":{"line":13,"column":0},"end":{"line":85,"column":2}}},"fnMap":{"0":{"name":"_interopRequireDefault","decl":{"start":{"line":11,"column":9},"end":{"line":11,"column":31}},"loc":{"start":{"line":11,"column":37},"end":{"line":11,"column":95}},"line":11}},"branchMap":{"0":{"loc":{"start":{"line":11,"column":46},"end":{"line":11,"column":92}},"type":"cond-expr","locations":[{"start":{"line":11,"column":70},"end":{"line":11,"column":73}},{"start":{"line":11,"column":76},"end":{"line":11,"column":92}}],"line":11},"1":{"loc":{"start":{"line":11,"column":46},"end":{"line":11,"column":67}},"type":"binary-expr","locations":[{"start":{"line":11,"column":46},"end":{"line":11,"column":49}},{"start":{"line":11,"column":53},"end":{"line":11,"column":67}}],"line":11}},"s":{"0":1,"1":1,"2":1,"3":1,"4":2,"5":1},"f":{"0":2},"b":{"0":[0,2],"1":[2,2]},"_coverageSchema":"332fd63041d2c1bcb487cc26dd0d5f7d97098a6c","hash":"970bc3c8611393cce5645ffb8f493d9642916da0","contentHash":"5891dbb767b17609557c4f7f78eab257_11.2.1"},"/Users/andeladeveloper/More-Recipes/server/routes/index.js":{"path":"/Users/andeladeveloper/More-Recipes/server/routes/index.js","statementMap":{"0":{"start":{"line":3,"column":0},"end":{"line":5,"column":3}},"1":{"start":{"line":7,"column":15},"end":{"line":7,"column":33}},"2":{"start":{"line":9,"column":16},"end":{"line":9,"column":48}},"3":{"start":{"line":11,"column":13},"end":{"line":11,"column":44}},"4":{"start":{"line":13,"column":14},"end":{"line":13,"column":44}},"5":{"start":{"line":15,"column":15},"end":{"line":15,"column":48}},"6":{"start":{"line":17,"column":16},"end":{"line":17,"column":48}},"7":{"start":{"line":19,"column":15},"end":{"line":19,"column":48}},"8":{"start":{"line":21,"column":16},"end":{"line":21,"column":48}},"9":{"start":{"line":23,"column":23},"end":{"line":23,"column":64}},"10":{"start":{"line":25,"column":24},"end":{"line":25,"column":64}},"11":{"start":{"line":27,"column":21},"end":{"line":27,"column":60}},"12":{"start":{"line":29,"column":22},"end":{"line":29,"column":60}},"13":{"start":{"line":31,"column":18},"end":{"line":31,"column":53}},"14":{"start":{"line":33,"column":22},"end":{"line":33,"column":61}},"15":{"start":{"line":35,"column":23},"end":{"line":35,"column":62}},"16":{"start":{"line":37,"column":39},"end":{"line":37,"column":93}},"17":{"start":{"line":39,"column":10},"end":{"line":39,"column":36}},"18":{"start":{"line":47,"column":0},"end":{"line":47,"column":180}},"19":{"start":{"line":54,"column":0},"end":{"line":54,"column":88}},"20":{"start":{"line":61,"column":0},"end":{"line":61,"column":95}},"21":{"start":{"line":70,"column":0},"end":{"line":70,"column":159}},"22":{"start":{"line":78,"column":0},"end":{"line":78,"column":63}},"23":{"start":{"line":86,"column":0},"end":{"line":86,"column":65}},"24":{"start":{"line":93,"column":0},"end":{"line":93,"column":131}},"25":{"start":{"line":101,"column":0},"end":{"line":101,"column":190}},"26":{"start":{"line":108,"column":0},"end":{"line":108,"column":106}},"27":{"start":{"line":115,"column":0},"end":{"line":115,"column":103}},"28":{"start":{"line":124,"column":0},"end":{"line":124,"column":137}},"29":{"start":{"line":133,"column":0},"end":{"line":133,"column":135}},"30":{"start":{"line":141,"column":0},"end":{"line":141,"column":140}},"31":{"start":{"line":150,"column":0},"end":{"line":150,"column":211}},"32":{"start":{"line":158,"column":0},"end":{"line":158,"column":143}},"33":{"start":{"line":169,"column":0},"end":{"line":169,"column":214}},"34":{"start":{"line":177,"column":0},"end":{"line":177,"column":156}},"35":{"start":{"line":187,"column":0},"end":{"line":187,"column":188}},"36":{"start":{"line":197,"column":0},"end":{"line":197,"column":194}},"37":{"start":{"line":199,"column":0},"end":{"line":199,"column":22}}},"fnMap":{"0":{"name":"_interopRequireDefault","decl":{"start":{"line":37,"column":9},"end":{"line":37,"column":31}},"loc":{"start":{"line":37,"column":37},"end":{"line":37,"column":95}},"line":37}},"branchMap":{"0":{"loc":{"start":{"line":37,"column":46},"end":{"line":37,"column":92}},"type":"cond-expr","locations":[{"start":{"line":37,"column":70},"end":{"line":37,"column":73}},{"start":{"line":37,"column":76},"end":{"line":37,"column":92}}],"line":37},"1":{"loc":{"start":{"line":37,"column":46},"end":{"line":37,"column":67}},"type":"binary-expr","locations":[{"start":{"line":37,"column":46},"end":{"line":37,"column":49}},{"start":{"line":37,"column":53},"end":{"line":37,"column":67}}],"line":37}},"s":{"0":1,"1":1,"2":1,"3":1,"4":1,"5":1,"6":1,"7":1,"8":1,"9":1,"10":1,"11":1,"12":1,"13":1,"14":1,"15":1,"16":7,"17":1,"18":1,"19":1,"20":1,"21":1,"22":1,"23":1,"24":1,"25":1,"26":1,"27":1,"28":1,"29":1,"30":1,"31":1,"32":1,"33":1,"34":1,"35":1,"36":1,"37":1},"f":{"0":7},"b":{"0":[6,1],"1":[7,7]},"_coverageSchema":"332fd63041d2c1bcb487cc26dd0d5f7d97098a6c","hash":"069346e8a6111d5fa48a7120966e85192ce636a6","contentHash":"c11eff8074b30ec773bd7992f212bdc9_11.2.1"},"/Users/andeladeveloper/More-Recipes/server/controllers/users.js":{"path":"/Users/andeladeveloper/More-Recipes/server/controllers/users.js","statementMap":{"0":{"start":{"line":3,"column":0},"end":{"line":5,"column":3}},"1":{"start":{"line":7,"column":14},"end":{"line":7,"column":31}},"2":{"start":{"line":9,"column":15},"end":{"line":9,"column":46}},"3":{"start":{"line":11,"column":14},"end":{"line":11,"column":31}},"4":{"start":{"line":13,"column":15},"end":{"line":13,"column":46}},"5":{"start":{"line":15,"column":20},"end":{"line":15,"column":43}},"6":{"start":{"line":17,"column":21},"end":{"line":17,"column":58}},"7":{"start":{"line":19,"column":14},"end":{"line":19,"column":34}},"8":{"start":{"line":21,"column":15},"end":{"line":21,"column":46}},"9":{"start":{"line":23,"column":18},"end":{"line":23,"column":53}},"10":{"start":{"line":25,"column":39},"end":{"line":25,"column":93}},"11":{"start":{"line":27,"column":0},"end":{"line":27,"column":24}},"12":{"start":{"line":28,"column":13},"end":{"line":28,"column":36}},"13":{"start":{"line":30,"column":12},"end":{"line":30,"column":34}},"14":{"start":{"line":33,"column":17},"end":{"line":33,"column":19}},"15":{"start":{"line":35,"column":0},"end":{"line":160,"column":2}},"16":{"start":{"line":43,"column":4},"end":{"line":66,"column":7}},"17":{"start":{"line":44,"column":6},"end":{"line":65,"column":9}},"18":{"start":{"line":51,"column":26},"end":{"line":55,"column":9}},"19":{"start":{"line":56,"column":20},"end":{"line":56,"column":85}},"20":{"start":{"line":57,"column":8},"end":{"line":60,"column":11}},"21":{"start":{"line":62,"column":8},"end":{"line":62,"column":49}},"22":{"start":{"line":64,"column":8},"end":{"line":64,"column":43}},"23":{"start":{"line":76,"column":4},"end":{"line":90,"column":7}},"24":{"start":{"line":79,"column":24},"end":{"line":83,"column":7}},"25":{"start":{"line":84,"column":18},"end":{"line":84,"column":83}},"26":{"start":{"line":85,"column":6},"end":{"line":89,"column":9}},"27":{"start":{"line":93,"column":4},"end":{"line":103,"column":7}},"28":{"start":{"line":98,"column":6},"end":{"line":102,"column":7}},"29":{"start":{"line":99,"column":8},"end":{"line":99,"column":35}},"30":{"start":{"line":101,"column":8},"end":{"line":101,"column":36}},"31":{"start":{"line":106,"column":4},"end":{"line":116,"column":7}},"32":{"start":{"line":111,"column":6},"end":{"line":115,"column":7}},"33":{"start":{"line":112,"column":8},"end":{"line":112,"column":35}},"34":{"start":{"line":114,"column":8},"end":{"line":114,"column":36}},"35":{"start":{"line":119,"column":4},"end":{"line":138,"column":7}},"36":{"start":{"line":122,"column":6},"end":{"line":135,"column":9}},"37":{"start":{"line":123,"column":8},"end":{"line":134,"column":11}},"38":{"start":{"line":124,"column":10},"end":{"line":133,"column":13}},"39":{"start":{"line":137,"column":6},"end":{"line":137,"column":41}},"40":{"start":{"line":141,"column":4},"end":{"line":158,"column":7}},"41":{"start":{"line":144,"column":6},"end":{"line":148,"column":7}},"42":{"start":{"line":145,"column":8},"end":{"line":147,"column":11}},"43":{"start":{"line":149,"column":6},"end":{"line":155,"column":9}},"44":{"start":{"line":157,"column":6},"end":{"line":157,"column":41}}},"fnMap":{"0":{"name":"_interopRequireDefault","decl":{"start":{"line":25,"column":9},"end":{"line":25,"column":31}},"loc":{"start":{"line":25,"column":37},"end":{"line":25,"column":95}},"line":25},"1":{"name":"signup","decl":{"start":{"line":42,"column":19},"end":{"line":42,"column":25}},"loc":{"start":{"line":42,"column":36},"end":{"line":67,"column":3}},"line":42},"2":{"name":"(anonymous_2)","decl":{"start":{"line":43,"column":62},"end":{"line":43,"column":63}},"loc":{"start":{"line":43,"column":78},"end":{"line":66,"column":5}},"line":43},"3":{"name":"(anonymous_3)","decl":{"start":{"line":50,"column":14},"end":{"line":50,"column":15}},"loc":{"start":{"line":50,"column":30},"end":{"line":61,"column":7}},"line":50},"4":{"name":"(anonymous_4)","decl":{"start":{"line":61,"column":14},"end":{"line":61,"column":15}},"loc":{"start":{"line":61,"column":26},"end":{"line":63,"column":7}},"line":61},"5":{"name":"(anonymous_5)","decl":{"start":{"line":63,"column":15},"end":{"line":63,"column":16}},"loc":{"start":{"line":63,"column":32},"end":{"line":65,"column":7}},"line":63},"6":{"name":"signin","decl":{"start":{"line":75,"column":19},"end":{"line":75,"column":25}},"loc":{"start":{"line":75,"column":36},"end":{"line":91,"column":3}},"line":75},"7":{"name":"(anonymous_7)","decl":{"start":{"line":78,"column":12},"end":{"line":78,"column":13}},"loc":{"start":{"line":78,"column":28},"end":{"line":90,"column":5}},"line":78},"8":{"name":"userExist","decl":{"start":{"line":92,"column":22},"end":{"line":92,"column":31}},"loc":{"start":{"line":92,"column":42},"end":{"line":104,"column":3}},"line":92},"9":{"name":"(anonymous_9)","decl":{"start":{"line":97,"column":12},"end":{"line":97,"column":13}},"loc":{"start":{"line":97,"column":28},"end":{"line":103,"column":5}},"line":97},"10":{"name":"emailExist","decl":{"start":{"line":105,"column":23},"end":{"line":105,"column":33}},"loc":{"start":{"line":105,"column":44},"end":{"line":117,"column":3}},"line":105},"11":{"name":"(anonymous_11)","decl":{"start":{"line":110,"column":12},"end":{"line":110,"column":13}},"loc":{"start":{"line":110,"column":28},"end":{"line":116,"column":5}},"line":110},"12":{"name":"editProfile","decl":{"start":{"line":118,"column":24},"end":{"line":118,"column":35}},"loc":{"start":{"line":118,"column":46},"end":{"line":139,"column":3}},"line":118},"13":{"name":"(anonymous_13)","decl":{"start":{"line":121,"column":12},"end":{"line":121,"column":13}},"loc":{"start":{"line":121,"column":28},"end":{"line":136,"column":5}},"line":121},"14":{"name":"(anonymous_14)","decl":{"start":{"line":122,"column":40},"end":{"line":122,"column":41}},"loc":{"start":{"line":122,"column":52},"end":{"line":135,"column":7}},"line":122},"15":{"name":"(anonymous_15)","decl":{"start":{"line":123,"column":47},"end":{"line":123,"column":48}},"loc":{"start":{"line":123,"column":65},"end":{"line":134,"column":9}},"line":123},"16":{"name":"(anonymous_16)","decl":{"start":{"line":136,"column":13},"end":{"line":136,"column":14}},"loc":{"start":{"line":136,"column":30},"end":{"line":138,"column":5}},"line":136},"17":{"name":"getUser","decl":{"start":{"line":140,"column":20},"end":{"line":140,"column":27}},"loc":{"start":{"line":140,"column":38},"end":{"line":159,"column":3}},"line":140},"18":{"name":"(anonymous_18)","decl":{"start":{"line":143,"column":12},"end":{"line":143,"column":13}},"loc":{"start":{"line":143,"column":28},"end":{"line":156,"column":5}},"line":143},"19":{"name":"(anonymous_19)","decl":{"start":{"line":156,"column":13},"end":{"line":156,"column":14}},"loc":{"start":{"line":156,"column":30},"end":{"line":158,"column":5}},"line":156}},"branchMap":{"0":{"loc":{"start":{"line":25,"column":46},"end":{"line":25,"column":92}},"type":"cond-expr","locations":[{"start":{"line":25,"column":70},"end":{"line":25,"column":73}},{"start":{"line":25,"column":76},"end":{"line":25,"column":92}}],"line":25},"1":{"loc":{"start":{"line":25,"column":46},"end":{"line":25,"column":67}},"type":"binary-expr","locations":[{"start":{"line":25,"column":46},"end":{"line":25,"column":49}},{"start":{"line":25,"column":53},"end":{"line":25,"column":67}}],"line":25},"2":{"loc":{"start":{"line":98,"column":6},"end":{"line":102,"column":7}},"type":"if","locations":[{"start":{"line":98,"column":6},"end":{"line":102,"column":7}},{"start":{"line":98,"column":6},"end":{"line":102,"column":7}}],"line":98},"3":{"loc":{"start":{"line":111,"column":6},"end":{"line":115,"column":7}},"type":"if","locations":[{"start":{"line":111,"column":6},"end":{"line":115,"column":7}},{"start":{"line":111,"column":6},"end":{"line":115,"column":7}}],"line":111},"4":{"loc":{"start":{"line":144,"column":6},"end":{"line":148,"column":7}},"type":"if","locations":[{"start":{"line":144,"column":6},"end":{"line":148,"column":7}},{"start":{"line":144,"column":6},"end":{"line":148,"column":7}}],"line":144}},"s":{"0":1,"1":1,"2":1,"3":1,"4":1,"5":1,"6":1,"7":1,"8":1,"9":1,"10":4,"11":1,"12":1,"13":1,"14":1,"15":1,"16":2,"17":2,"18":2,"19":2,"20":2,"21":2,"22":0,"23":6,"24":6,"25":6,"26":6,"27":2,"28":2,"29":1,"30":1,"31":2,"32":2,"33":1,"34":1,"35":1,"36":1,"37":1,"38":1,"39":0,"40":2,"41":2,"42":1,"43":1,"44":0},"f":{"0":4,"1":2,"2":2,"3":2,"4":2,"5":0,"6":6,"7":6,"8":2,"9":2,"10":2,"11":2,"12":1,"13":1,"14":1,"15":1,"16":0,"17":2,"18":2,"19":0},"b":{"0":[1,3],"1":[4,4],"2":[1,1],"3":[1,1],"4":[1,1]},"_coverageSchema":"332fd63041d2c1bcb487cc26dd0d5f7d97098a6c","hash":"22aeae97b4a14ce3647ac30fbc385fb835b4e98a","contentHash":"5e1acc4cd025ee8240ee19e54d40a3a1_11.2.1"},"/Users/andeladeveloper/More-Recipes/server/models/index.js":{"path":"/Users/andeladeveloper/More-Recipes/server/models/index.js","statementMap":{"0":{"start":{"line":3,"column":0},"end":{"line":5,"column":3}},"1":{"start":{"line":7,"column":10},"end":{"line":7,"column":23}},"2":{"start":{"line":9,"column":11},"end":{"line":9,"column":38}},"3":{"start":{"line":11,"column":12},"end":{"line":11,"column":27}},"4":{"start":{"line":13,"column":13},"end":{"line":13,"column":42}},"5":{"start":{"line":15,"column":17},"end":{"line":15,"column":37}},"6":{"start":{"line":17,"column":18},"end":{"line":17,"column":52}},"7":{"start":{"line":19,"column":14},"end":{"line":19,"column":43}},"8":{"start":{"line":21,"column":15},"end":{"line":21,"column":46}},"9":{"start":{"line":23,"column":39},"end":{"line":23,"column":93}},"10":{"start":{"line":25,"column":15},"end":{"line":25,"column":55}},"11":{"start":{"line":26,"column":10},"end":{"line":26,"column":47}},"12":{"start":{"line":27,"column":13},"end":{"line":27,"column":34}},"13":{"start":{"line":29,"column":9},"end":{"line":29,"column":11}},"14":{"start":{"line":31,"column":16},"end":{"line":31,"column":22}},"15":{"start":{"line":32,"column":0},"end":{"line":36,"column":1}},"16":{"start":{"line":33,"column":2},"end":{"line":33,"column":76}},"17":{"start":{"line":35,"column":2},"end":{"line":35,"column":97}},"18":{"start":{"line":38,"column":0},"end":{"line":43,"column":3}},"19":{"start":{"line":39,"column":2},"end":{"line":39,"column":82}},"20":{"start":{"line":41,"column":14},"end":{"line":41,"column":68}},"21":{"start":{"line":42,"column":2},"end":{"line":42,"column":25}},"22":{"start":{"line":45,"column":0},"end":{"line":49,"column":3}},"23":{"start":{"line":46,"column":2},"end":{"line":48,"column":3}},"24":{"start":{"line":47,"column":4},"end":{"line":47,"column":32}},"25":{"start":{"line":51,"column":0},"end":{"line":51,"column":25}},"26":{"start":{"line":52,"column":0},"end":{"line":52,"column":35}},"27":{"start":{"line":54,"column":0},"end":{"line":54,"column":21}}},"fnMap":{"0":{"name":"_interopRequireDefault","decl":{"start":{"line":23,"column":9},"end":{"line":23,"column":31}},"loc":{"start":{"line":23,"column":37},"end":{"line":23,"column":95}},"line":23},"1":{"name":"(anonymous_1)","decl":{"start":{"line":38,"column":43},"end":{"line":38,"column":44}},"loc":{"start":{"line":38,"column":59},"end":{"line":40,"column":1}},"line":38},"2":{"name":"(anonymous_2)","decl":{"start":{"line":40,"column":11},"end":{"line":40,"column":12}},"loc":{"start":{"line":40,"column":27},"end":{"line":43,"column":1}},"line":40},"3":{"name":"(anonymous_3)","decl":{"start":{"line":45,"column":24},"end":{"line":45,"column":25}},"loc":{"start":{"line":45,"column":45},"end":{"line":49,"column":1}},"line":45}},"branchMap":{"0":{"loc":{"start":{"line":23,"column":46},"end":{"line":23,"column":92}},"type":"cond-expr","locations":[{"start":{"line":23,"column":70},"end":{"line":23,"column":73}},{"start":{"line":23,"column":76},"end":{"line":23,"column":92}}],"line":23},"1":{"loc":{"start":{"line":23,"column":46},"end":{"line":23,"column":67}},"type":"binary-expr","locations":[{"start":{"line":23,"column":46},"end":{"line":23,"column":49}},{"start":{"line":23,"column":53},"end":{"line":23,"column":67}}],"line":23},"2":{"loc":{"start":{"line":26,"column":10},"end":{"line":26,"column":47}},"type":"binary-expr","locations":[{"start":{"line":26,"column":10},"end":{"line":26,"column":30}},{"start":{"line":26,"column":34},"end":{"line":26,"column":47}}],"line":26},"3":{"loc":{"start":{"line":32,"column":0},"end":{"line":36,"column":1}},"type":"if","locations":[{"start":{"line":32,"column":0},"end":{"line":36,"column":1}},{"start":{"line":32,"column":0},"end":{"line":36,"column":1}}],"line":32},"4":{"loc":{"start":{"line":39,"column":9},"end":{"line":39,"column":81}},"type":"binary-expr","locations":[{"start":{"line":39,"column":9},"end":{"line":39,"column":32}},{"start":{"line":39,"column":36},"end":{"line":39,"column":53}},{"start":{"line":39,"column":57},"end":{"line":39,"column":81}}],"line":39},"5":{"loc":{"start":{"line":46,"column":2},"end":{"line":48,"column":3}},"type":"if","locations":[{"start":{"line":46,"column":2},"end":{"line":48,"column":3}},{"start":{"line":46,"column":2},"end":{"line":48,"column":3}}],"line":46}},"s":{"0":1,"1":1,"2":1,"3":1,"4":1,"5":1,"6":1,"7":1,"8":1,"9":4,"10":1,"11":1,"12":1,"13":1,"14":1,"15":1,"16":1,"17":0,"18":1,"19":7,"20":5,"21":5,"22":1,"23":5,"24":5,"25":1,"26":1,"27":1},"f":{"0":4,"1":7,"2":5,"3":5},"b":{"0":[0,4],"1":[4,4],"2":[1,0],"3":[1,0],"4":[7,6,5],"5":[5,0]},"_coverageSchema":"332fd63041d2c1bcb487cc26dd0d5f7d97098a6c","hash":"31e158089f59f72c7dedca54c155f7a87ca3a743","contentHash":"6cde60720de0f705469d4fc0d3f9cf64_11.2.1"},"/Users/andeladeveloper/More-Recipes/server/config/config.js":{"path":"/Users/andeladeveloper/More-Recipes/server/config/config.js","statementMap":{"0":{"start":{"line":3,"column":0},"end":{"line":3,"column":27}},"1":{"start":{"line":5,"column":0},"end":{"line":20,"column":2}}},"fnMap":{},"branchMap":{},"s":{"0":1,"1":1},"f":{},"b":{},"_coverageSchema":"332fd63041d2c1bcb487cc26dd0d5f7d97098a6c","hash":"89226d89c8172e1648762503ae6e438d31117eae","contentHash":"70dd2dc8b298f19383a19d6796ad8128_11.2.1"},"/Users/andeladeveloper/More-Recipes/server/models/favoriterecipes.js":{"path":"/Users/andeladeveloper/More-Recipes/server/models/favoriterecipes.js","statementMap":{"0":{"start":{"line":3,"column":0},"end":{"line":5,"column":3}},"1":{"start":{"line":7,"column":0},"end":{"line":37,"column":2}},"2":{"start":{"line":8,"column":24},"end":{"line":27,"column":4}},"3":{"start":{"line":28,"column":2},"end":{"line":35,"column":4}},"4":{"start":{"line":29,"column":4},"end":{"line":31,"column":7}},"5":{"start":{"line":32,"column":4},"end":{"line":34,"column":7}},"6":{"start":{"line":36,"column":2},"end":{"line":36,"column":25}}},"fnMap":{"0":{"name":"(anonymous_0)","decl":{"start":{"line":7,"column":18},"end":{"line":7,"column":19}},"loc":{"start":{"line":7,"column":50},"end":{"line":37,"column":1}},"line":7},"1":{"name":"(anonymous_1)","decl":{"start":{"line":28,"column":30},"end":{"line":28,"column":31}},"loc":{"start":{"line":28,"column":48},"end":{"line":35,"column":3}},"line":28}},"branchMap":{},"s":{"0":1,"1":1,"2":1,"3":1,"4":1,"5":1,"6":1},"f":{"0":1,"1":1},"b":{},"_coverageSchema":"332fd63041d2c1bcb487cc26dd0d5f7d97098a6c","hash":"ad87eb28887a28fe1997479899d4e3a8df09f5e8","contentHash":"89699ad0c50161210db5ee0e0612b31f_11.2.1"},"/Users/andeladeveloper/More-Recipes/server/models/recipes.js":{"path":"/Users/andeladeveloper/More-Recipes/server/models/recipes.js","statementMap":{"0":{"start":{"line":3,"column":0},"end":{"line":5,"column":3}},"1":{"start":{"line":7,"column":0},"end":{"line":68,"column":2}},"2":{"start":{"line":8,"column":16},"end":{"line":49,"column":4}},"3":{"start":{"line":50,"column":2},"end":{"line":66,"column":4}},"4":{"start":{"line":51,"column":4},"end":{"line":53,"column":7}},"5":{"start":{"line":54,"column":4},"end":{"line":57,"column":7}},"6":{"start":{"line":58,"column":4},"end":{"line":61,"column":7}},"7":{"start":{"line":62,"column":4},"end":{"line":65,"column":7}},"8":{"start":{"line":67,"column":2},"end":{"line":67,"column":17}}},"fnMap":{"0":{"name":"(anonymous_0)","decl":{"start":{"line":7,"column":18},"end":{"line":7,"column":19}},"loc":{"start":{"line":7,"column":50},"end":{"line":68,"column":1}},"line":7},"1":{"name":"(anonymous_1)","decl":{"start":{"line":50,"column":22},"end":{"line":50,"column":23}},"loc":{"start":{"line":50,"column":40},"end":{"line":66,"column":3}},"line":50}},"branchMap":{},"s":{"0":1,"1":1,"2":1,"3":1,"4":1,"5":1,"6":1,"7":1,"8":1},"f":{"0":1,"1":1},"b":{},"_coverageSchema":"332fd63041d2c1bcb487cc26dd0d5f7d97098a6c","hash":"da17b025bf972e9625206b3727822a5ba1f2bde7","contentHash":"6d3804fdb9f5ae89c22b63c7a8acaa89_11.2.1"},"/Users/andeladeveloper/More-Recipes/server/models/reviews.js":{"path":"/Users/andeladeveloper/More-Recipes/server/models/reviews.js","statementMap":{"0":{"start":{"line":3,"column":0},"end":{"line":5,"column":3}},"1":{"start":{"line":7,"column":0},"end":{"line":41,"column":2}},"2":{"start":{"line":8,"column":16},"end":{"line":31,"column":4}},"3":{"start":{"line":32,"column":2},"end":{"line":39,"column":4}},"4":{"start":{"line":33,"column":4},"end":{"line":35,"column":7}},"5":{"start":{"line":36,"column":4},"end":{"line":38,"column":7}},"6":{"start":{"line":40,"column":2},"end":{"line":40,"column":17}}},"fnMap":{"0":{"name":"(anonymous_0)","decl":{"start":{"line":7,"column":18},"end":{"line":7,"column":19}},"loc":{"start":{"line":7,"column":50},"end":{"line":41,"column":1}},"line":7},"1":{"name":"(anonymous_1)","decl":{"start":{"line":32,"column":22},"end":{"line":32,"column":23}},"loc":{"start":{"line":32,"column":40},"end":{"line":39,"column":3}},"line":32}},"branchMap":{},"s":{"0":1,"1":1,"2":1,"3":1,"4":1,"5":1,"6":1},"f":{"0":1,"1":1},"b":{},"_coverageSchema":"332fd63041d2c1bcb487cc26dd0d5f7d97098a6c","hash":"74251d1932ca291459c07add068d0b5b64868e64","contentHash":"402ea2bcaa4a2de2f145c86b53b7d29d_11.2.1"},"/Users/andeladeveloper/More-Recipes/server/models/users.js":{"path":"/Users/andeladeveloper/More-Recipes/server/models/users.js","statementMap":{"0":{"start":{"line":3,"column":0},"end":{"line":5,"column":3}},"1":{"start":{"line":7,"column":0},"end":{"line":55,"column":2}},"2":{"start":{"line":8,"column":14},"end":{"line":35,"column":4}},"3":{"start":{"line":36,"column":2},"end":{"line":53,"column":4}},"4":{"start":{"line":37,"column":4},"end":{"line":40,"column":7}},"5":{"start":{"line":41,"column":4},"end":{"line":44,"column":7}},"6":{"start":{"line":45,"column":4},"end":{"line":48,"column":7}},"7":{"start":{"line":49,"column":4},"end":{"line":52,"column":7}},"8":{"start":{"line":54,"column":2},"end":{"line":54,"column":15}}},"fnMap":{"0":{"name":"(anonymous_0)","decl":{"start":{"line":7,"column":18},"end":{"line":7,"column":19}},"loc":{"start":{"line":7,"column":50},"end":{"line":55,"column":1}},"line":7},"1":{"name":"(anonymous_1)","decl":{"start":{"line":36,"column":20},"end":{"line":36,"column":21}},"loc":{"start":{"line":36,"column":38},"end":{"line":53,"column":3}},"line":36}},"branchMap":{},"s":{"0":1,"1":1,"2":1,"3":1,"4":1,"5":1,"6":1,"7":1,"8":1},"f":{"0":1,"1":1},"b":{},"_coverageSchema":"332fd63041d2c1bcb487cc26dd0d5f7d97098a6c","hash":"490d53155ba5f9b8135e0decf74f708d616b8590","contentHash":"64a63cb4027b2124458f4f515af134a1_11.2.1"},"/Users/andeladeveloper/More-Recipes/server/models/votes.js":{"path":"/Users/andeladeveloper/More-Recipes/server/models/votes.js","statementMap":{"0":{"start":{"line":3,"column":0},"end":{"line":5,"column":3}},"1":{"start":{"line":7,"column":0},"end":{"line":35,"column":2}},"2":{"start":{"line":8,"column":14},"end":{"line":25,"column":4}},"3":{"start":{"line":26,"column":2},"end":{"line":33,"column":4}},"4":{"start":{"line":27,"column":4},"end":{"line":29,"column":7}},"5":{"start":{"line":30,"column":4},"end":{"line":32,"column":7}},"6":{"start":{"line":34,"column":2},"end":{"line":34,"column":15}}},"fnMap":{"0":{"name":"(anonymous_0)","decl":{"start":{"line":7,"column":18},"end":{"line":7,"column":19}},"loc":{"start":{"line":7,"column":50},"end":{"line":35,"column":1}},"line":7},"1":{"name":"(anonymous_1)","decl":{"start":{"line":26,"column":20},"end":{"line":26,"column":21}},"loc":{"start":{"line":26,"column":38},"end":{"line":33,"column":3}},"line":26}},"branchMap":{},"s":{"0":1,"1":1,"2":1,"3":1,"4":1,"5":1,"6":1},"f":{"0":1,"1":1},"b":{},"_coverageSchema":"332fd63041d2c1bcb487cc26dd0d5f7d97098a6c","hash":"0a77bca255db001007fffd3034596c327e9c5980","contentHash":"d99baee321dd4353c9e9bfec004fa3c3_11.2.1"},"/Users/andeladeveloper/More-Recipes/server/middleware/validation.js":{"path":"/Users/andeladeveloper/More-Recipes/server/middleware/validation.js","statementMap":{"0":{"start":{"line":3,"column":0},"end":{"line":5,"column":3}},"1":{"start":{"line":6,"column":0},"end":{"line":6,"column":554}},"2":{"start":{"line":8,"column":18},"end":{"line":8,"column":39}},"3":{"start":{"line":10,"column":19},"end":{"line":10,"column":54}},"4":{"start":{"line":12,"column":14},"end":{"line":12,"column":31}},"5":{"start":{"line":14,"column":15},"end":{"line":14,"column":46}},"6":{"start":{"line":16,"column":15},"end":{"line":16,"column":33}},"7":{"start":{"line":18,"column":16},"end":{"line":18,"column":48}},"8":{"start":{"line":20,"column":14},"end":{"line":20,"column":31}},"9":{"start":{"line":22,"column":15},"end":{"line":22,"column":46}},"10":{"start":{"line":24,"column":14},"end":{"line":24,"column":35}},"11":{"start":{"line":26,"column":15},"end":{"line":26,"column":46}},"12":{"start":{"line":28,"column":39},"end":{"line":28,"column":93}},"13":{"start":{"line":30,"column":0},"end":{"line":30,"column":24}},"14":{"start":{"line":32,"column":14},"end":{"line":32,"column":38}},"15":{"start":{"line":33,"column":12},"end":{"line":33,"column":34}},"16":{"start":{"line":34,"column":22},"end":{"line":34,"column":54}},"17":{"start":{"line":35,"column":12},"end":{"line":35,"column":34}},"18":{"start":{"line":38,"column":18},"end":{"line":50,"column":2}},"19":{"start":{"line":58,"column":25},"end":{"line":77,"column":1}},"20":{"start":{"line":59,"column":2},"end":{"line":76,"column":5}},"21":{"start":{"line":60,"column":4},"end":{"line":75,"column":7}},"22":{"start":{"line":61,"column":24},"end":{"line":66,"column":7}},"23":{"start":{"line":68,"column":6},"end":{"line":74,"column":9}},"24":{"start":{"line":69,"column":8},"end":{"line":72,"column":9}},"25":{"start":{"line":70,"column":10},"end":{"line":70,"column":52}},"26":{"start":{"line":71,"column":10},"end":{"line":71,"column":75}},"27":{"start":{"line":73,"column":8},"end":{"line":73,"column":62}},"28":{"start":{"line":85,"column":25},"end":{"line":105,"column":1}},"29":{"start":{"line":86,"column":2},"end":{"line":104,"column":5}},"30":{"start":{"line":91,"column":22},"end":{"line":96,"column":5}},"31":{"start":{"line":98,"column":4},"end":{"line":103,"column":7}},"32":{"start":{"line":99,"column":6},"end":{"line":101,"column":7}},"33":{"start":{"line":100,"column":8},"end":{"line":100,"column":38}},"34":{"start":{"line":102,"column":6},"end":{"line":102,"column":60}},"35":{"start":{"line":113,"column":23},"end":{"line":124,"column":1}},"36":{"start":{"line":114,"column":2},"end":{"line":116,"column":3}},"37":{"start":{"line":115,"column":4},"end":{"line":115,"column":66}},"38":{"start":{"line":117,"column":2},"end":{"line":119,"column":3}},"39":{"start":{"line":118,"column":4},"end":{"line":118,"column":65}},"40":{"start":{"line":120,"column":2},"end":{"line":122,"column":3}},"41":{"start":{"line":121,"column":4},"end":{"line":121,"column":62}},"42":{"start":{"line":123,"column":2},"end":{"line":123,"column":9}},"43":{"start":{"line":132,"column":21},"end":{"line":146,"column":1}},"44":{"start":{"line":133,"column":2},"end":{"line":135,"column":3}},"45":{"start":{"line":134,"column":4},"end":{"line":134,"column":69}},"46":{"start":{"line":136,"column":2},"end":{"line":138,"column":3}},"47":{"start":{"line":137,"column":4},"end":{"line":137,"column":69}},"48":{"start":{"line":139,"column":2},"end":{"line":141,"column":3}},"49":{"start":{"line":140,"column":4},"end":{"line":140,"column":66}},"50":{"start":{"line":142,"column":2},"end":{"line":144,"column":3}},"51":{"start":{"line":143,"column":4},"end":{"line":143,"column":69}},"52":{"start":{"line":145,"column":2},"end":{"line":145,"column":9}},"53":{"start":{"line":154,"column":26},"end":{"line":188,"column":1}},"54":{"start":{"line":155,"column":2},"end":{"line":176,"column":5}},"55":{"start":{"line":177,"column":15},"end":{"line":177,"column":37}},"56":{"start":{"line":178,"column":2},"end":{"line":186,"column":3}},"57":{"start":{"line":179,"column":20},"end":{"line":179,"column":22}},"58":{"start":{"line":180,"column":4},"end":{"line":184,"column":7}},"59":{"start":{"line":181,"column":6},"end":{"line":183,"column":9}},"60":{"start":{"line":185,"column":4},"end":{"line":185,"column":43}},"61":{"start":{"line":187,"column":2},"end":{"line":187,"column":9}},"62":{"start":{"line":196,"column":28},"end":{"line":207,"column":1}},"63":{"start":{"line":197,"column":2},"end":{"line":199,"column":3}},"64":{"start":{"line":198,"column":4},"end":{"line":198,"column":65}},"65":{"start":{"line":200,"column":2},"end":{"line":202,"column":3}},"66":{"start":{"line":201,"column":4},"end":{"line":201,"column":65}},"67":{"start":{"line":203,"column":2},"end":{"line":205,"column":3}},"68":{"start":{"line":204,"column":4},"end":{"line":204,"column":62}},"69":{"start":{"line":206,"column":2},"end":{"line":206,"column":9}},"70":{"start":{"line":215,"column":30},"end":{"line":226,"column":1}},"71":{"start":{"line":216,"column":2},"end":{"line":218,"column":3}},"72":{"start":{"line":217,"column":4},"end":{"line":217,"column":68}},"73":{"start":{"line":219,"column":2},"end":{"line":221,"column":3}},"74":{"start":{"line":220,"column":4},"end":{"line":220,"column":67}},"75":{"start":{"line":222,"column":2},"end":{"line":224,"column":3}},"76":{"start":{"line":223,"column":4},"end":{"line":223,"column":64}},"77":{"start":{"line":225,"column":2},"end":{"line":225,"column":9}},"78":{"start":{"line":234,"column":30},"end":{"line":239,"column":1}},"79":{"start":{"line":235,"column":2},"end":{"line":237,"column":3}},"80":{"start":{"line":236,"column":4},"end":{"line":236,"column":62}},"81":{"start":{"line":238,"column":2},"end":{"line":238,"column":9}},"82":{"start":{"line":247,"column":23},"end":{"line":255,"column":1}},"83":{"start":{"line":248,"column":2},"end":{"line":250,"column":3}},"84":{"start":{"line":249,"column":4},"end":{"line":249,"column":71}},"85":{"start":{"line":251,"column":2},"end":{"line":253,"column":3}},"86":{"start":{"line":252,"column":4},"end":{"line":252,"column":79}},"87":{"start":{"line":254,"column":2},"end":{"line":254,"column":9}},"88":{"start":{"line":263,"column":18},"end":{"line":279,"column":1}},"89":{"start":{"line":264,"column":2},"end":{"line":266,"column":3}},"90":{"start":{"line":265,"column":4},"end":{"line":265,"column":72}},"91":{"start":{"line":267,"column":2},"end":{"line":278,"column":5}},"92":{"start":{"line":272,"column":4},"end":{"line":276,"column":5}},"93":{"start":{"line":273,"column":6},"end":{"line":275,"column":9}},"94":{"start":{"line":277,"column":4},"end":{"line":277,"column":11}},"95":{"start":{"line":287,"column":20},"end":{"line":307,"column":1}},"96":{"start":{"line":288,"column":2},"end":{"line":306,"column":5}},"97":{"start":{"line":293,"column":4},"end":{"line":295,"column":5}},"98":{"start":{"line":294,"column":6},"end":{"line":294,"column":74}},"99":{"start":{"line":296,"column":4},"end":{"line":305,"column":7}},"100":{"start":{"line":301,"column":6},"end":{"line":303,"column":7}},"101":{"start":{"line":302,"column":8},"end":{"line":302,"column":73}},"102":{"start":{"line":304,"column":6},"end":{"line":304,"column":13}},"103":{"start":{"line":315,"column":24},"end":{"line":343,"column":1}},"104":{"start":{"line":316,"column":2},"end":{"line":320,"column":3}},"105":{"start":{"line":317,"column":4},"end":{"line":319,"column":7}},"106":{"start":{"line":321,"column":2},"end":{"line":325,"column":3}},"107":{"start":{"line":322,"column":4},"end":{"line":324,"column":7}},"108":{"start":{"line":326,"column":2},"end":{"line":342,"column":5}},"109":{"start":{"line":331,"column":4},"end":{"line":341,"column":5}},"110":{"start":{"line":332,"column":6},"end":{"line":332,"column":85}},"111":{"start":{"line":333,"column":11},"end":{"line":341,"column":5}},"112":{"start":{"line":334,"column":6},"end":{"line":340,"column":9}},"113":{"start":{"line":335,"column":8},"end":{"line":339,"column":9}},"114":{"start":{"line":336,"column":10},"end":{"line":336,"column":17}},"115":{"start":{"line":338,"column":10},"end":{"line":338,"column":89}},"116":{"start":{"line":351,"column":24},"end":{"line":362,"column":1}},"117":{"start":{"line":352,"column":2},"end":{"line":361,"column":5}},"118":{"start":{"line":355,"column":4},"end":{"line":359,"column":5}},"119":{"start":{"line":356,"column":6},"end":{"line":358,"column":9}},"120":{"start":{"line":360,"column":4},"end":{"line":360,"column":11}},"121":{"start":{"line":370,"column":24},"end":{"line":385,"column":1}},"122":{"start":{"line":371,"column":2},"end":{"line":384,"column":5}},"123":{"start":{"line":377,"column":4},"end":{"line":382,"column":5}},"124":{"start":{"line":378,"column":6},"end":{"line":381,"column":9}},"125":{"start":{"line":383,"column":4},"end":{"line":383,"column":11}},"126":{"start":{"line":393,"column":22},"end":{"line":409,"column":1}},"127":{"start":{"line":394,"column":2},"end":{"line":396,"column":3}},"128":{"start":{"line":395,"column":4},"end":{"line":395,"column":72}},"129":{"start":{"line":397,"column":2},"end":{"line":408,"column":5}},"130":{"start":{"line":402,"column":4},"end":{"line":406,"column":5}},"131":{"start":{"line":403,"column":6},"end":{"line":405,"column":9}},"132":{"start":{"line":407,"column":4},"end":{"line":407,"column":11}},"133":{"start":{"line":417,"column":26},"end":{"line":430,"column":1}},"134":{"start":{"line":418,"column":2},"end":{"line":429,"column":5}},"135":{"start":{"line":423,"column":4},"end":{"line":427,"column":5}},"136":{"start":{"line":424,"column":6},"end":{"line":426,"column":9}},"137":{"start":{"line":428,"column":4},"end":{"line":428,"column":11}},"138":{"start":{"line":438,"column":13},"end":{"line":473,"column":1}},"139":{"start":{"line":439,"column":2},"end":{"line":472,"column":5}},"140":{"start":{"line":444,"column":4},"end":{"line":471,"column":5}},"141":{"start":{"line":445,"column":6},"end":{"line":452,"column":9}},"142":{"start":{"line":450,"column":8},"end":{"line":450,"column":34}},"143":{"start":{"line":451,"column":8},"end":{"line":451,"column":15}},"144":{"start":{"line":453,"column":11},"end":{"line":471,"column":5}},"145":{"start":{"line":454,"column":6},"end":{"line":460,"column":9}},"146":{"start":{"line":458,"column":8},"end":{"line":458,"column":32}},"147":{"start":{"line":459,"column":8},"end":{"line":459,"column":15}},"148":{"start":{"line":461,"column":11},"end":{"line":471,"column":5}},"149":{"start":{"line":462,"column":6},"end":{"line":470,"column":9}},"150":{"start":{"line":468,"column":8},"end":{"line":468,"column":32}},"151":{"start":{"line":469,"column":8},"end":{"line":469,"column":15}},"152":{"start":{"line":481,"column":15},"end":{"line":516,"column":1}},"153":{"start":{"line":482,"column":2},"end":{"line":515,"column":5}},"154":{"start":{"line":487,"column":4},"end":{"line":514,"column":5}},"155":{"start":{"line":488,"column":6},"end":{"line":495,"column":9}},"156":{"start":{"line":493,"column":8},"end":{"line":493,"column":34}},"157":{"start":{"line":494,"column":8},"end":{"line":494,"column":15}},"158":{"start":{"line":496,"column":11},"end":{"line":514,"column":5}},"159":{"start":{"line":497,"column":6},"end":{"line":503,"column":9}},"160":{"start":{"line":501,"column":8},"end":{"line":501,"column":32}},"161":{"start":{"line":502,"column":8},"end":{"line":502,"column":15}},"162":{"start":{"line":504,"column":11},"end":{"line":514,"column":5}},"163":{"start":{"line":505,"column":6},"end":{"line":513,"column":9}},"164":{"start":{"line":511,"column":8},"end":{"line":511,"column":32}},"165":{"start":{"line":512,"column":8},"end":{"line":512,"column":15}},"166":{"start":{"line":518,"column":25},"end":{"line":540,"column":1}},"167":{"start":{"line":519,"column":2},"end":{"line":539,"column":5}},"168":{"start":{"line":524,"column":4},"end":{"line":538,"column":5}},"169":{"start":{"line":525,"column":6},"end":{"line":535,"column":9}},"170":{"start":{"line":530,"column":8},"end":{"line":534,"column":9}},"171":{"start":{"line":531,"column":10},"end":{"line":531,"column":17}},"172":{"start":{"line":532,"column":15},"end":{"line":534,"column":9}},"173":{"start":{"line":533,"column":10},"end":{"line":533,"column":77}},"174":{"start":{"line":537,"column":6},"end":{"line":537,"column":13}},"175":{"start":{"line":542,"column":22},"end":{"line":564,"column":1}},"176":{"start":{"line":543,"column":2},"end":{"line":563,"column":5}},"177":{"start":{"line":548,"column":4},"end":{"line":562,"column":5}},"178":{"start":{"line":549,"column":6},"end":{"line":559,"column":9}},"179":{"start":{"line":554,"column":8},"end":{"line":558,"column":9}},"180":{"start":{"line":555,"column":10},"end":{"line":555,"column":17}},"181":{"start":{"line":556,"column":15},"end":{"line":558,"column":9}},"182":{"start":{"line":557,"column":10},"end":{"line":557,"column":74}},"183":{"start":{"line":561,"column":6},"end":{"line":561,"column":13}}},"fnMap":{"0":{"name":"_interopRequireDefault","decl":{"start":{"line":28,"column":9},"end":{"line":28,"column":31}},"loc":{"start":{"line":28,"column":37},"end":{"line":28,"column":95}},"line":28},"1":{"name":"reviewNotification","decl":{"start":{"line":58,"column":63},"end":{"line":58,"column":81}},"loc":{"start":{"line":58,"column":87},"end":{"line":77,"column":1}},"line":58},"2":{"name":"(anonymous_2)","decl":{"start":{"line":59,"column":63},"end":{"line":59,"column":64}},"loc":{"start":{"line":59,"column":81},"end":{"line":76,"column":3}},"line":59},"3":{"name":"(anonymous_3)","decl":{"start":{"line":60,"column":57},"end":{"line":60,"column":58}},"loc":{"start":{"line":60,"column":73},"end":{"line":75,"column":5}},"line":60},"4":{"name":"(anonymous_4)","decl":{"start":{"line":68,"column":40},"end":{"line":68,"column":41}},"loc":{"start":{"line":68,"column":67},"end":{"line":74,"column":7}},"line":68},"5":{"name":"signupNotification","decl":{"start":{"line":85,"column":63},"end":{"line":85,"column":81}},"loc":{"start":{"line":85,"column":87},"end":{"line":105,"column":1}},"line":85},"6":{"name":"(anonymous_6)","decl":{"start":{"line":90,"column":10},"end":{"line":90,"column":11}},"loc":{"start":{"line":90,"column":26},"end":{"line":104,"column":3}},"line":90},"7":{"name":"(anonymous_7)","decl":{"start":{"line":98,"column":38},"end":{"line":98,"column":39}},"loc":{"start":{"line":98,"column":65},"end":{"line":103,"column":5}},"line":98},"8":{"name":"checkRecipeInput","decl":{"start":{"line":113,"column":59},"end":{"line":113,"column":75}},"loc":{"start":{"line":113,"column":92},"end":{"line":124,"column":1}},"line":113},"9":{"name":"checkUserInput","decl":{"start":{"line":132,"column":55},"end":{"line":132,"column":69}},"loc":{"start":{"line":132,"column":86},"end":{"line":146,"column":1}},"line":132},"10":{"name":"checkValidUserInput","decl":{"start":{"line":154,"column":65},"end":{"line":154,"column":84}},"loc":{"start":{"line":154,"column":101},"end":{"line":188,"column":1}},"line":154},"11":{"name":"(anonymous_11)","decl":{"start":{"line":180,"column":19},"end":{"line":180,"column":20}},"loc":{"start":{"line":180,"column":36},"end":{"line":184,"column":5}},"line":180},"12":{"name":"checkUserInvalidInput","decl":{"start":{"line":196,"column":69},"end":{"line":196,"column":90}},"loc":{"start":{"line":196,"column":107},"end":{"line":207,"column":1}},"line":196},"13":{"name":"checkRecipeInvalidInput","decl":{"start":{"line":215,"column":73},"end":{"line":215,"column":96}},"loc":{"start":{"line":215,"column":113},"end":{"line":226,"column":1}},"line":215},"14":{"name":"checkReviewInvalidInput","decl":{"start":{"line":234,"column":73},"end":{"line":234,"column":96}},"loc":{"start":{"line":234,"column":113},"end":{"line":239,"column":1}},"line":234},"15":{"name":"checkReviewInput","decl":{"start":{"line":247,"column":59},"end":{"line":247,"column":75}},"loc":{"start":{"line":247,"column":92},"end":{"line":255,"column":1}},"line":247},"16":{"name":"checkUserId","decl":{"start":{"line":263,"column":49},"end":{"line":263,"column":60}},"loc":{"start":{"line":263,"column":77},"end":{"line":279,"column":1}},"line":263},"17":{"name":"(anonymous_17)","decl":{"start":{"line":271,"column":10},"end":{"line":271,"column":11}},"loc":{"start":{"line":271,"column":26},"end":{"line":278,"column":3}},"line":271},"18":{"name":"validateUsers","decl":{"start":{"line":287,"column":53},"end":{"line":287,"column":66}},"loc":{"start":{"line":287,"column":83},"end":{"line":307,"column":1}},"line":287},"19":{"name":"(anonymous_19)","decl":{"start":{"line":292,"column":10},"end":{"line":292,"column":11}},"loc":{"start":{"line":292,"column":26},"end":{"line":306,"column":3}},"line":292},"20":{"name":"(anonymous_20)","decl":{"start":{"line":300,"column":12},"end":{"line":300,"column":13}},"loc":{"start":{"line":300,"column":29},"end":{"line":305,"column":5}},"line":300},"21":{"name":"validateLoginUser","decl":{"start":{"line":315,"column":61},"end":{"line":315,"column":78}},"loc":{"start":{"line":315,"column":95},"end":{"line":343,"column":1}},"line":315},"22":{"name":"(anonymous_22)","decl":{"start":{"line":330,"column":10},"end":{"line":330,"column":11}},"loc":{"start":{"line":330,"column":26},"end":{"line":342,"column":3}},"line":330},"23":{"name":"(anonymous_23)","decl":{"start":{"line":334,"column":65},"end":{"line":334,"column":66}},"loc":{"start":{"line":334,"column":90},"end":{"line":340,"column":7}},"line":334},"24":{"name":"validateRecipesId","decl":{"start":{"line":351,"column":61},"end":{"line":351,"column":78}},"loc":{"start":{"line":351,"column":95},"end":{"line":362,"column":1}},"line":351},"25":{"name":"(anonymous_25)","decl":{"start":{"line":354,"column":10},"end":{"line":354,"column":11}},"loc":{"start":{"line":354,"column":28},"end":{"line":361,"column":3}},"line":354},"26":{"name":"validatefavRecipe","decl":{"start":{"line":370,"column":61},"end":{"line":370,"column":78}},"loc":{"start":{"line":370,"column":95},"end":{"line":385,"column":1}},"line":370},"27":{"name":"(anonymous_27)","decl":{"start":{"line":376,"column":10},"end":{"line":376,"column":11}},"loc":{"start":{"line":376,"column":30},"end":{"line":384,"column":3}},"line":376},"28":{"name":"validateUsersId","decl":{"start":{"line":393,"column":57},"end":{"line":393,"column":72}},"loc":{"start":{"line":393,"column":89},"end":{"line":409,"column":1}},"line":393},"29":{"name":"(anonymous_29)","decl":{"start":{"line":401,"column":10},"end":{"line":401,"column":11}},"loc":{"start":{"line":401,"column":26},"end":{"line":408,"column":3}},"line":401},"30":{"name":"validateParamUserId","decl":{"start":{"line":417,"column":65},"end":{"line":417,"column":84}},"loc":{"start":{"line":417,"column":101},"end":{"line":430,"column":1}},"line":417},"31":{"name":"(anonymous_31)","decl":{"start":{"line":422,"column":10},"end":{"line":422,"column":11}},"loc":{"start":{"line":422,"column":26},"end":{"line":429,"column":3}},"line":422},"32":{"name":"upVote","decl":{"start":{"line":438,"column":39},"end":{"line":438,"column":45}},"loc":{"start":{"line":438,"column":62},"end":{"line":473,"column":1}},"line":438},"33":{"name":"(anonymous_33)","decl":{"start":{"line":443,"column":10},"end":{"line":443,"column":11}},"loc":{"start":{"line":443,"column":27},"end":{"line":472,"column":3}},"line":443},"34":{"name":"(anonymous_34)","decl":{"start":{"line":449,"column":14},"end":{"line":449,"column":15}},"loc":{"start":{"line":449,"column":26},"end":{"line":452,"column":7}},"line":449},"35":{"name":"(anonymous_35)","decl":{"start":{"line":457,"column":14},"end":{"line":457,"column":15}},"loc":{"start":{"line":457,"column":26},"end":{"line":460,"column":7}},"line":457},"36":{"name":"(anonymous_36)","decl":{"start":{"line":467,"column":14},"end":{"line":467,"column":15}},"loc":{"start":{"line":467,"column":26},"end":{"line":470,"column":7}},"line":467},"37":{"name":"downVote","decl":{"start":{"line":481,"column":43},"end":{"line":481,"column":51}},"loc":{"start":{"line":481,"column":68},"end":{"line":516,"column":1}},"line":481},"38":{"name":"(anonymous_38)","decl":{"start":{"line":486,"column":10},"end":{"line":486,"column":11}},"loc":{"start":{"line":486,"column":27},"end":{"line":515,"column":3}},"line":486},"39":{"name":"(anonymous_39)","decl":{"start":{"line":492,"column":14},"end":{"line":492,"column":15}},"loc":{"start":{"line":492,"column":26},"end":{"line":495,"column":7}},"line":492},"40":{"name":"(anonymous_40)","decl":{"start":{"line":500,"column":14},"end":{"line":500,"column":15}},"loc":{"start":{"line":500,"column":26},"end":{"line":503,"column":7}},"line":500},"41":{"name":"(anonymous_41)","decl":{"start":{"line":510,"column":14},"end":{"line":510,"column":15}},"loc":{"start":{"line":510,"column":26},"end":{"line":513,"column":7}},"line":510},"42":{"name":"verifyEditUsername","decl":{"start":{"line":518,"column":63},"end":{"line":518,"column":81}},"loc":{"start":{"line":518,"column":98},"end":{"line":540,"column":1}},"line":518},"43":{"name":"(anonymous_43)","decl":{"start":{"line":523,"column":10},"end":{"line":523,"column":11}},"loc":{"start":{"line":523,"column":26},"end":{"line":539,"column":3}},"line":523},"44":{"name":"(anonymous_44)","decl":{"start":{"line":529,"column":14},"end":{"line":529,"column":15}},"loc":{"start":{"line":529,"column":30},"end":{"line":535,"column":7}},"line":529},"45":{"name":"verifyEditEmail","decl":{"start":{"line":542,"column":57},"end":{"line":542,"column":72}},"loc":{"start":{"line":542,"column":89},"end":{"line":564,"column":1}},"line":542},"46":{"name":"(anonymous_46)","decl":{"start":{"line":547,"column":10},"end":{"line":547,"column":11}},"loc":{"start":{"line":547,"column":26},"end":{"line":563,"column":3}},"line":547},"47":{"name":"(anonymous_47)","decl":{"start":{"line":553,"column":14},"end":{"line":553,"column":15}},"loc":{"start":{"line":553,"column":30},"end":{"line":559,"column":7}},"line":553}},"branchMap":{"0":{"loc":{"start":{"line":28,"column":46},"end":{"line":28,"column":92}},"type":"cond-expr","locations":[{"start":{"line":28,"column":70},"end":{"line":28,"column":73}},{"start":{"line":28,"column":76},"end":{"line":28,"column":92}}],"line":28},"1":{"loc":{"start":{"line":28,"column":46},"end":{"line":28,"column":67}},"type":"binary-expr","locations":[{"start":{"line":28,"column":46},"end":{"line":28,"column":49}},{"start":{"line":28,"column":53},"end":{"line":28,"column":67}}],"line":28},"2":{"loc":{"start":{"line":69,"column":8},"end":{"line":72,"column":9}},"type":"if","locations":[{"start":{"line":69,"column":8},"end":{"line":72,"column":9}},{"start":{"line":69,"column":8},"end":{"line":72,"column":9}}],"line":69},"3":{"loc":{"start":{"line":99,"column":6},"end":{"line":101,"column":7}},"type":"if","locations":[{"start":{"line":99,"column":6},"end":{"line":101,"column":7}},{"start":{"line":99,"column":6},"end":{"line":101,"column":7}}],"line":99},"4":{"loc":{"start":{"line":114,"column":2},"end":{"line":116,"column":3}},"type":"if","locations":[{"start":{"line":114,"column":2},"end":{"line":116,"column":3}},{"start":{"line":114,"column":2},"end":{"line":116,"column":3}}],"line":114},"5":{"loc":{"start":{"line":117,"column":2},"end":{"line":119,"column":3}},"type":"if","locations":[{"start":{"line":117,"column":2},"end":{"line":119,"column":3}},{"start":{"line":117,"column":2},"end":{"line":119,"column":3}}],"line":117},"6":{"loc":{"start":{"line":120,"column":2},"end":{"line":122,"column":3}},"type":"if","locations":[{"start":{"line":120,"column":2},"end":{"line":122,"column":3}},{"start":{"line":120,"column":2},"end":{"line":122,"column":3}}],"line":120},"7":{"loc":{"start":{"line":133,"column":2},"end":{"line":135,"column":3}},"type":"if","locations":[{"start":{"line":133,"column":2},"end":{"line":135,"column":3}},{"start":{"line":133,"column":2},"end":{"line":135,"column":3}}],"line":133},"8":{"loc":{"start":{"line":136,"column":2},"end":{"line":138,"column":3}},"type":"if","locations":[{"start":{"line":136,"column":2},"end":{"line":138,"column":3}},{"start":{"line":136,"column":2},"end":{"line":138,"column":3}}],"line":136},"9":{"loc":{"start":{"line":139,"column":2},"end":{"line":141,"column":3}},"type":"if","locations":[{"start":{"line":139,"column":2},"end":{"line":141,"column":3}},{"start":{"line":139,"column":2},"end":{"line":141,"column":3}}],"line":139},"10":{"loc":{"start":{"line":142,"column":2},"end":{"line":144,"column":3}},"type":"if","locations":[{"start":{"line":142,"column":2},"end":{"line":144,"column":3}},{"start":{"line":142,"column":2},"end":{"line":144,"column":3}}],"line":142},"11":{"loc":{"start":{"line":178,"column":2},"end":{"line":186,"column":3}},"type":"if","locations":[{"start":{"line":178,"column":2},"end":{"line":186,"column":3}},{"start":{"line":178,"column":2},"end":{"line":186,"column":3}}],"line":178},"12":{"loc":{"start":{"line":197,"column":2},"end":{"line":199,"column":3}},"type":"if","locations":[{"start":{"line":197,"column":2},"end":{"line":199,"column":3}},{"start":{"line":197,"column":2},"end":{"line":199,"column":3}}],"line":197},"13":{"loc":{"start":{"line":200,"column":2},"end":{"line":202,"column":3}},"type":"if","locations":[{"start":{"line":200,"column":2},"end":{"line":202,"column":3}},{"start":{"line":200,"column":2},"end":{"line":202,"column":3}}],"line":200},"14":{"loc":{"start":{"line":203,"column":2},"end":{"line":205,"column":3}},"type":"if","locations":[{"start":{"line":203,"column":2},"end":{"line":205,"column":3}},{"start":{"line":203,"column":2},"end":{"line":205,"column":3}}],"line":203},"15":{"loc":{"start":{"line":216,"column":2},"end":{"line":218,"column":3}},"type":"if","locations":[{"start":{"line":216,"column":2},"end":{"line":218,"column":3}},{"start":{"line":216,"column":2},"end":{"line":218,"column":3}}],"line":216},"16":{"loc":{"start":{"line":219,"column":2},"end":{"line":221,"column":3}},"type":"if","locations":[{"start":{"line":219,"column":2},"end":{"line":221,"column":3}},{"start":{"line":219,"column":2},"end":{"line":221,"column":3}}],"line":219},"17":{"loc":{"start":{"line":222,"column":2},"end":{"line":224,"column":3}},"type":"if","locations":[{"start":{"line":222,"column":2},"end":{"line":224,"column":3}},{"start":{"line":222,"column":2},"end":{"line":224,"column":3}}],"line":222},"18":{"loc":{"start":{"line":235,"column":2},"end":{"line":237,"column":3}},"type":"if","locations":[{"start":{"line":235,"column":2},"end":{"line":237,"column":3}},{"start":{"line":235,"column":2},"end":{"line":237,"column":3}}],"line":235},"19":{"loc":{"start":{"line":248,"column":2},"end":{"line":250,"column":3}},"type":"if","locations":[{"start":{"line":248,"column":2},"end":{"line":250,"column":3}},{"start":{"line":248,"column":2},"end":{"line":250,"column":3}}],"line":248},"20":{"loc":{"start":{"line":251,"column":2},"end":{"line":253,"column":3}},"type":"if","locations":[{"start":{"line":251,"column":2},"end":{"line":253,"column":3}},{"start":{"line":251,"column":2},"end":{"line":253,"column":3}}],"line":251},"21":{"loc":{"start":{"line":264,"column":2},"end":{"line":266,"column":3}},"type":"if","locations":[{"start":{"line":264,"column":2},"end":{"line":266,"column":3}},{"start":{"line":264,"column":2},"end":{"line":266,"column":3}}],"line":264},"22":{"loc":{"start":{"line":272,"column":4},"end":{"line":276,"column":5}},"type":"if","locations":[{"start":{"line":272,"column":4},"end":{"line":276,"column":5}},{"start":{"line":272,"column":4},"end":{"line":276,"column":5}}],"line":272},"23":{"loc":{"start":{"line":293,"column":4},"end":{"line":295,"column":5}},"type":"if","locations":[{"start":{"line":293,"column":4},"end":{"line":295,"column":5}},{"start":{"line":293,"column":4},"end":{"line":295,"column":5}}],"line":293},"24":{"loc":{"start":{"line":301,"column":6},"end":{"line":303,"column":7}},"type":"if","locations":[{"start":{"line":301,"column":6},"end":{"line":303,"column":7}},{"start":{"line":301,"column":6},"end":{"line":303,"column":7}}],"line":301},"25":{"loc":{"start":{"line":316,"column":2},"end":{"line":320,"column":3}},"type":"if","locations":[{"start":{"line":316,"column":2},"end":{"line":320,"column":3}},{"start":{"line":316,"column":2},"end":{"line":320,"column":3}}],"line":316},"26":{"loc":{"start":{"line":321,"column":2},"end":{"line":325,"column":3}},"type":"if","locations":[{"start":{"line":321,"column":2},"end":{"line":325,"column":3}},{"start":{"line":321,"column":2},"end":{"line":325,"column":3}}],"line":321},"27":{"loc":{"start":{"line":331,"column":4},"end":{"line":341,"column":5}},"type":"if","locations":[{"start":{"line":331,"column":4},"end":{"line":341,"column":5}},{"start":{"line":331,"column":4},"end":{"line":341,"column":5}}],"line":331},"28":{"loc":{"start":{"line":333,"column":11},"end":{"line":341,"column":5}},"type":"if","locations":[{"start":{"line":333,"column":11},"end":{"line":341,"column":5}},{"start":{"line":333,"column":11},"end":{"line":341,"column":5}}],"line":333},"29":{"loc":{"start":{"line":335,"column":8},"end":{"line":339,"column":9}},"type":"if","locations":[{"start":{"line":335,"column":8},"end":{"line":339,"column":9}},{"start":{"line":335,"column":8},"end":{"line":339,"column":9}}],"line":335},"30":{"loc":{"start":{"line":355,"column":4},"end":{"line":359,"column":5}},"type":"if","locations":[{"start":{"line":355,"column":4},"end":{"line":359,"column":5}},{"start":{"line":355,"column":4},"end":{"line":359,"column":5}}],"line":355},"31":{"loc":{"start":{"line":377,"column":4},"end":{"line":382,"column":5}},"type":"if","locations":[{"start":{"line":377,"column":4},"end":{"line":382,"column":5}},{"start":{"line":377,"column":4},"end":{"line":382,"column":5}}],"line":377},"32":{"loc":{"start":{"line":394,"column":2},"end":{"line":396,"column":3}},"type":"if","locations":[{"start":{"line":394,"column":2},"end":{"line":396,"column":3}},{"start":{"line":394,"column":2},"end":{"line":396,"column":3}}],"line":394},"33":{"loc":{"start":{"line":402,"column":4},"end":{"line":406,"column":5}},"type":"if","locations":[{"start":{"line":402,"column":4},"end":{"line":406,"column":5}},{"start":{"line":402,"column":4},"end":{"line":406,"column":5}}],"line":402},"34":{"loc":{"start":{"line":423,"column":4},"end":{"line":427,"column":5}},"type":"if","locations":[{"start":{"line":423,"column":4},"end":{"line":427,"column":5}},{"start":{"line":423,"column":4},"end":{"line":427,"column":5}}],"line":423},"35":{"loc":{"start":{"line":444,"column":4},"end":{"line":471,"column":5}},"type":"if","locations":[{"start":{"line":444,"column":4},"end":{"line":471,"column":5}},{"start":{"line":444,"column":4},"end":{"line":471,"column":5}}],"line":444},"36":{"loc":{"start":{"line":444,"column":8},"end":{"line":444,"column":38}},"type":"binary-expr","locations":[{"start":{"line":444,"column":8},"end":{"line":444,"column":22}},{"start":{"line":444,"column":26},"end":{"line":444,"column":38}}],"line":444},"37":{"loc":{"start":{"line":453,"column":11},"end":{"line":471,"column":5}},"type":"if","locations":[{"start":{"line":453,"column":11},"end":{"line":471,"column":5}},{"start":{"line":453,"column":11},"end":{"line":471,"column":5}}],"line":453},"38":{"loc":{"start":{"line":453,"column":15},"end":{"line":453,"column":46}},"type":"binary-expr","locations":[{"start":{"line":453,"column":15},"end":{"line":453,"column":29}},{"start":{"line":453,"column":33},"end":{"line":453,"column":46}}],"line":453},"39":{"loc":{"start":{"line":461,"column":11},"end":{"line":471,"column":5}},"type":"if","locations":[{"start":{"line":461,"column":11},"end":{"line":471,"column":5}},{"start":{"line":461,"column":11},"end":{"line":471,"column":5}}],"line":461},"40":{"loc":{"start":{"line":487,"column":4},"end":{"line":514,"column":5}},"type":"if","locations":[{"start":{"line":487,"column":4},"end":{"line":514,"column":5}},{"start":{"line":487,"column":4},"end":{"line":514,"column":5}}],"line":487},"41":{"loc":{"start":{"line":487,"column":8},"end":{"line":487,"column":40}},"type":"binary-expr","locations":[{"start":{"line":487,"column":8},"end":{"line":487,"column":22}},{"start":{"line":487,"column":26},"end":{"line":487,"column":40}}],"line":487},"42":{"loc":{"start":{"line":496,"column":11},"end":{"line":514,"column":5}},"type":"if","locations":[{"start":{"line":496,"column":11},"end":{"line":514,"column":5}},{"start":{"line":496,"column":11},"end":{"line":514,"column":5}}],"line":496},"43":{"loc":{"start":{"line":496,"column":15},"end":{"line":496,"column":48}},"type":"binary-expr","locations":[{"start":{"line":496,"column":15},"end":{"line":496,"column":29}},{"start":{"line":496,"column":33},"end":{"line":496,"column":48}}],"line":496},"44":{"loc":{"start":{"line":504,"column":11},"end":{"line":514,"column":5}},"type":"if","locations":[{"start":{"line":504,"column":11},"end":{"line":514,"column":5}},{"start":{"line":504,"column":11},"end":{"line":514,"column":5}}],"line":504},"45":{"loc":{"start":{"line":524,"column":4},"end":{"line":538,"column":5}},"type":"if","locations":[{"start":{"line":524,"column":4},"end":{"line":538,"column":5}},{"start":{"line":524,"column":4},"end":{"line":538,"column":5}}],"line":524},"46":{"loc":{"start":{"line":530,"column":8},"end":{"line":534,"column":9}},"type":"if","locations":[{"start":{"line":530,"column":8},"end":{"line":534,"column":9}},{"start":{"line":530,"column":8},"end":{"line":534,"column":9}}],"line":530},"47":{"loc":{"start":{"line":532,"column":15},"end":{"line":534,"column":9}},"type":"if","locations":[{"start":{"line":532,"column":15},"end":{"line":534,"column":9}},{"start":{"line":532,"column":15},"end":{"line":534,"column":9}}],"line":532},"48":{"loc":{"start":{"line":532,"column":19},"end":{"line":532,"column":89}},"type":"binary-expr","locations":[{"start":{"line":532,"column":19},"end":{"line":532,"column":54}},{"start":{"line":532,"column":58},"end":{"line":532,"column":89}}],"line":532},"49":{"loc":{"start":{"line":548,"column":4},"end":{"line":562,"column":5}},"type":"if","locations":[{"start":{"line":548,"column":4},"end":{"line":562,"column":5}},{"start":{"line":548,"column":4},"end":{"line":562,"column":5}}],"line":548},"50":{"loc":{"start":{"line":554,"column":8},"end":{"line":558,"column":9}},"type":"if","locations":[{"start":{"line":554,"column":8},"end":{"line":558,"column":9}},{"start":{"line":554,"column":8},"end":{"line":558,"column":9}}],"line":554},"51":{"loc":{"start":{"line":556,"column":15},"end":{"line":558,"column":9}},"type":"if","locations":[{"start":{"line":556,"column":15},"end":{"line":558,"column":9}},{"start":{"line":556,"column":15},"end":{"line":558,"column":9}}],"line":556},"52":{"loc":{"start":{"line":556,"column":19},"end":{"line":556,"column":77}},"type":"binary-expr","locations":[{"start":{"line":556,"column":19},"end":{"line":556,"column":48}},{"start":{"line":556,"column":52},"end":{"line":556,"column":77}}],"line":556}},"s":{"0":1,"1":1,"2":1,"3":1,"4":1,"5":1,"6":1,"7":1,"8":1,"9":1,"10":1,"11":1,"12":5,"13":1,"14":1,"15":1,"16":1,"17":1,"18":1,"19":1,"20":1,"21":1,"22":1,"23":1,"24":1,"25":1,"26":1,"27":0,"28":1,"29":2,"30":2,"31":2,"32":2,"33":2,"34":2,"35":1,"36":11,"37":1,"38":10,"39":1,"40":9,"41":1,"42":8,"43":1,"44":15,"45":1,"46":14,"47":1,"48":13,"49":1,"50":12,"51":1,"52":11,"53":1,"54":11,"55":11,"56":11,"57":4,"58":4,"59":4,"60":4,"61":7,"62":1,"63":7,"64":1,"65":6,"66":1,"67":5,"68":1,"69":4,"70":1,"71":8,"72":1,"73":7,"74":1,"75":6,"76":1,"77":5,"78":1,"79":2,"80":1,"81":1,"82":1,"83":4,"84":1,"85":3,"86":1,"87":2,"88":1,"89":8,"90":1,"91":7,"92":7,"93":1,"94":6,"95":1,"96":4,"97":4,"98":1,"99":3,"100":3,"101":1,"102":2,"103":1,"104":8,"105":0,"106":8,"107":0,"108":8,"109":8,"110":1,"111":7,"112":7,"113":7,"114":6,"115":1,"116":1,"117":26,"118":26,"119":5,"120":21,"121":1,"122":2,"123":2,"124":1,"125":1,"126":1,"127":17,"128":2,"129":15,"130":15,"131":2,"132":13,"133":1,"134":2,"135":2,"136":0,"137":2,"138":1,"139":3,"140":3,"141":1,"142":1,"143":1,"144":2,"145":0,"146":0,"147":0,"148":2,"149":2,"150":2,"151":2,"152":1,"153":3,"154":3,"155":1,"156":1,"157":1,"158":2,"159":1,"160":1,"161":1,"162":1,"163":1,"164":1,"165":1,"166":1,"167":3,"168":3,"169":2,"170":2,"171":1,"172":1,"173":1,"174":1,"175":1,"176":2,"177":2,"178":1,"179":1,"180":0,"181":1,"182":1,"183":1},"f":{"0":5,"1":1,"2":1,"3":1,"4":1,"5":2,"6":2,"7":2,"8":11,"9":15,"10":11,"11":4,"12":7,"13":8,"14":2,"15":4,"16":8,"17":7,"18":4,"19":4,"20":3,"21":8,"22":8,"23":7,"24":26,"25":26,"26":2,"27":2,"28":17,"29":15,"30":2,"31":2,"32":3,"33":3,"34":1,"35":0,"36":2,"37":3,"38":3,"39":1,"40":1,"41":1,"42":3,"43":3,"44":2,"45":2,"46":2,"47":1},"b":{"0":[1,4],"1":[5,5],"2":[1,0],"3":[2,0],"4":[1,10],"5":[1,9],"6":[1,8],"7":[1,14],"8":[1,13],"9":[1,12],"10":[1,11],"11":[4,7],"12":[1,6],"13":[1,5],"14":[1,4],"15":[1,7],"16":[1,6],"17":[1,5],"18":[1,1],"19":[1,3],"20":[1,2],"21":[1,7],"22":[1,6],"23":[1,3],"24":[1,2],"25":[0,8],"26":[0,8],"27":[1,7],"28":[7,0],"29":[6,1],"30":[5,21],"31":[1,1],"32":[2,15],"33":[2,13],"34":[0,2],"35":[1,2],"36":[3,1],"37":[0,2],"38":[2,0],"39":[2,0],"40":[1,2],"41":[3,2],"42":[1,1],"43":[2,1],"44":[1,0],"45":[2,1],"46":[1,1],"47":[1,0],"48":[1,1],"49":[1,1],"50":[0,1],"51":[1,0],"52":[1,1]},"_coverageSchema":"332fd63041d2c1bcb487cc26dd0d5f7d97098a6c","hash":"bad86ad0bd3eb44c0bd32874b212e0c5816cde10","contentHash":"c8527181901cc9776c4e6eb44ff9f0df_11.2.1"},"/Users/andeladeveloper/More-Recipes/server/controllers/recipes.js":{"path":"/Users/andeladeveloper/More-Recipes/server/controllers/recipes.js","statementMap":{"0":{"start":{"line":3,"column":0},"end":{"line":5,"column":3}},"1":{"start":{"line":7,"column":14},"end":{"line":7,"column":34}},"2":{"start":{"line":9,"column":15},"end":{"line":9,"column":46}},"3":{"start":{"line":11,"column":39},"end":{"line":11,"column":93}},"4":{"start":{"line":13,"column":14},"end":{"line":13,"column":38}},"5":{"start":{"line":16,"column":25},"end":{"line":36,"column":1}},"6":{"start":{"line":18,"column":2},"end":{"line":35,"column":5}},"7":{"start":{"line":24,"column":4},"end":{"line":34,"column":7}},"8":{"start":{"line":30,"column":6},"end":{"line":33,"column":9}},"9":{"start":{"line":32,"column":8},"end":{"line":32,"column":131}},"10":{"start":{"line":37,"column":16},"end":{"line":46,"column":1}},"11":{"start":{"line":38,"column":2},"end":{"line":45,"column":5}},"12":{"start":{"line":39,"column":4},"end":{"line":44,"column":7}},"13":{"start":{"line":40,"column":6},"end":{"line":43,"column":9}},"14":{"start":{"line":48,"column":0},"end":{"line":243,"column":2}},"15":{"start":{"line":56,"column":4},"end":{"line":77,"column":7}},"16":{"start":{"line":63,"column":6},"end":{"line":74,"column":9}},"17":{"start":{"line":76,"column":6},"end":{"line":76,"column":41}},"18":{"start":{"line":87,"column":4},"end":{"line":111,"column":7}},"19":{"start":{"line":90,"column":6},"end":{"line":108,"column":9}},"20":{"start":{"line":96,"column":8},"end":{"line":107,"column":11}},"21":{"start":{"line":97,"column":10},"end":{"line":106,"column":13}},"22":{"start":{"line":110,"column":6},"end":{"line":110,"column":41}},"23":{"start":{"line":121,"column":4},"end":{"line":133,"column":7}},"24":{"start":{"line":126,"column":6},"end":{"line":130,"column":9}},"25":{"start":{"line":132,"column":6},"end":{"line":132,"column":41}},"26":{"start":{"line":143,"column":4},"end":{"line":160,"column":7}},"27":{"start":{"line":148,"column":6},"end":{"line":152,"column":7}},"28":{"start":{"line":149,"column":8},"end":{"line":151,"column":11}},"29":{"start":{"line":153,"column":6},"end":{"line":159,"column":7}},"30":{"start":{"line":154,"column":8},"end":{"line":154,"column":49}},"31":{"start":{"line":155,"column":13},"end":{"line":159,"column":7}},"32":{"start":{"line":156,"column":8},"end":{"line":156,"column":57}},"33":{"start":{"line":157,"column":13},"end":{"line":159,"column":7}},"34":{"start":{"line":158,"column":8},"end":{"line":158,"column":57}},"35":{"start":{"line":170,"column":4},"end":{"line":187,"column":7}},"36":{"start":{"line":175,"column":6},"end":{"line":179,"column":7}},"37":{"start":{"line":176,"column":8},"end":{"line":178,"column":11}},"38":{"start":{"line":180,"column":6},"end":{"line":186,"column":7}},"39":{"start":{"line":181,"column":8},"end":{"line":181,"column":51}},"40":{"start":{"line":182,"column":13},"end":{"line":186,"column":7}},"41":{"start":{"line":183,"column":8},"end":{"line":183,"column":57}},"42":{"start":{"line":184,"column":13},"end":{"line":186,"column":7}},"43":{"start":{"line":185,"column":8},"end":{"line":185,"column":57}},"44":{"start":{"line":197,"column":4},"end":{"line":217,"column":7}},"45":{"start":{"line":210,"column":6},"end":{"line":214,"column":9}},"46":{"start":{"line":211,"column":8},"end":{"line":213,"column":11}},"47":{"start":{"line":212,"column":10},"end":{"line":212,"column":46}},"48":{"start":{"line":216,"column":6},"end":{"line":216,"column":41}},"49":{"start":{"line":220,"column":4},"end":{"line":241,"column":7}},"50":{"start":{"line":233,"column":6},"end":{"line":237,"column":7}},"51":{"start":{"line":234,"column":8},"end":{"line":236,"column":11}},"52":{"start":{"line":238,"column":6},"end":{"line":238,"column":43}},"53":{"start":{"line":240,"column":6},"end":{"line":240,"column":41}}},"fnMap":{"0":{"name":"_interopRequireDefault","decl":{"start":{"line":11,"column":9},"end":{"line":11,"column":31}},"loc":{"start":{"line":11,"column":37},"end":{"line":11,"column":95}},"line":11},"1":{"name":"getRecipeVoteCount","decl":{"start":{"line":16,"column":34},"end":{"line":16,"column":52}},"loc":{"start":{"line":16,"column":58},"end":{"line":36,"column":1}},"line":16},"2":{"name":"(anonymous_2)","decl":{"start":{"line":22,"column":10},"end":{"line":22,"column":11}},"loc":{"start":{"line":22,"column":33},"end":{"line":35,"column":3}},"line":22},"3":{"name":"(anonymous_3)","decl":{"start":{"line":28,"column":12},"end":{"line":28,"column":13}},"loc":{"start":{"line":28,"column":37},"end":{"line":34,"column":5}},"line":28},"4":{"name":"(anonymous_4)","decl":{"start":{"line":30,"column":56},"end":{"line":30,"column":57}},"loc":{"start":{"line":30,"column":74},"end":{"line":33,"column":7}},"line":30},"5":{"name":"afterVote","decl":{"start":{"line":37,"column":25},"end":{"line":37,"column":34}},"loc":{"start":{"line":37,"column":56},"end":{"line":46,"column":1}},"line":37},"6":{"name":"(anonymous_6)","decl":{"start":{"line":38,"column":37},"end":{"line":38,"column":38}},"loc":{"start":{"line":38,"column":49},"end":{"line":45,"column":3}},"line":38},"7":{"name":"(anonymous_7)","decl":{"start":{"line":39,"column":47},"end":{"line":39,"column":48}},"loc":{"start":{"line":39,"column":65},"end":{"line":44,"column":5}},"line":39},"8":{"name":"addRecipe","decl":{"start":{"line":55,"column":22},"end":{"line":55,"column":31}},"loc":{"start":{"line":55,"column":42},"end":{"line":78,"column":3}},"line":55},"9":{"name":"(anonymous_9)","decl":{"start":{"line":62,"column":12},"end":{"line":62,"column":13}},"loc":{"start":{"line":62,"column":33},"end":{"line":75,"column":5}},"line":62},"10":{"name":"(anonymous_10)","decl":{"start":{"line":75,"column":13},"end":{"line":75,"column":14}},"loc":{"start":{"line":75,"column":30},"end":{"line":77,"column":5}},"line":75},"11":{"name":"modifyRecipe","decl":{"start":{"line":86,"column":25},"end":{"line":86,"column":37}},"loc":{"start":{"line":86,"column":48},"end":{"line":112,"column":3}},"line":86},"12":{"name":"(anonymous_12)","decl":{"start":{"line":89,"column":12},"end":{"line":89,"column":13}},"loc":{"start":{"line":89,"column":30},"end":{"line":109,"column":5}},"line":89},"13":{"name":"(anonymous_13)","decl":{"start":{"line":95,"column":14},"end":{"line":95,"column":15}},"loc":{"start":{"line":95,"column":26},"end":{"line":108,"column":7}},"line":95},"14":{"name":"(anonymous_14)","decl":{"start":{"line":96,"column":51},"end":{"line":96,"column":52}},"loc":{"start":{"line":96,"column":69},"end":{"line":107,"column":9}},"line":96},"15":{"name":"(anonymous_15)","decl":{"start":{"line":109,"column":13},"end":{"line":109,"column":14}},"loc":{"start":{"line":109,"column":30},"end":{"line":111,"column":5}},"line":109},"16":{"name":"deleteRecipe","decl":{"start":{"line":120,"column":25},"end":{"line":120,"column":37}},"loc":{"start":{"line":120,"column":48},"end":{"line":134,"column":3}},"line":120},"17":{"name":"(anonymous_17)","decl":{"start":{"line":125,"column":12},"end":{"line":125,"column":13}},"loc":{"start":{"line":125,"column":24},"end":{"line":131,"column":5}},"line":125},"18":{"name":"(anonymous_18)","decl":{"start":{"line":131,"column":13},"end":{"line":131,"column":14}},"loc":{"start":{"line":131,"column":30},"end":{"line":133,"column":5}},"line":131},"19":{"name":"upVoteRecipe","decl":{"start":{"line":142,"column":25},"end":{"line":142,"column":37}},"loc":{"start":{"line":142,"column":48},"end":{"line":161,"column":3}},"line":142},"20":{"name":"(anonymous_20)","decl":{"start":{"line":147,"column":12},"end":{"line":147,"column":13}},"loc":{"start":{"line":147,"column":28},"end":{"line":160,"column":5}},"line":147},"21":{"name":"downVoteRecipe","decl":{"start":{"line":169,"column":27},"end":{"line":169,"column":41}},"loc":{"start":{"line":169,"column":52},"end":{"line":188,"column":3}},"line":169},"22":{"name":"(anonymous_22)","decl":{"start":{"line":174,"column":12},"end":{"line":174,"column":13}},"loc":{"start":{"line":174,"column":28},"end":{"line":187,"column":5}},"line":174},"23":{"name":"viewRecipe","decl":{"start":{"line":196,"column":23},"end":{"line":196,"column":33}},"loc":{"start":{"line":196,"column":44},"end":{"line":218,"column":3}},"line":196},"24":{"name":"(anonymous_24)","decl":{"start":{"line":209,"column":12},"end":{"line":209,"column":13}},"loc":{"start":{"line":209,"column":30},"end":{"line":215,"column":5}},"line":209},"25":{"name":"(anonymous_25)","decl":{"start":{"line":210,"column":37},"end":{"line":210,"column":38}},"loc":{"start":{"line":210,"column":49},"end":{"line":214,"column":7}},"line":210},"26":{"name":"(anonymous_26)","decl":{"start":{"line":211,"column":29},"end":{"line":211,"column":30}},"loc":{"start":{"line":211,"column":41},"end":{"line":213,"column":9}},"line":211},"27":{"name":"(anonymous_27)","decl":{"start":{"line":215,"column":13},"end":{"line":215,"column":14}},"loc":{"start":{"line":215,"column":30},"end":{"line":217,"column":5}},"line":215},"28":{"name":"getUserRecipes","decl":{"start":{"line":219,"column":27},"end":{"line":219,"column":41}},"loc":{"start":{"line":219,"column":52},"end":{"line":242,"column":3}},"line":219},"29":{"name":"(anonymous_29)","decl":{"start":{"line":232,"column":12},"end":{"line":232,"column":13}},"loc":{"start":{"line":232,"column":31},"end":{"line":239,"column":5}},"line":232},"30":{"name":"(anonymous_30)","decl":{"start":{"line":239,"column":13},"end":{"line":239,"column":14}},"loc":{"start":{"line":239,"column":30},"end":{"line":241,"column":5}},"line":239}},"branchMap":{"0":{"loc":{"start":{"line":11,"column":46},"end":{"line":11,"column":92}},"type":"cond-expr","locations":[{"start":{"line":11,"column":70},"end":{"line":11,"column":73}},{"start":{"line":11,"column":76},"end":{"line":11,"column":92}}],"line":11},"1":{"loc":{"start":{"line":11,"column":46},"end":{"line":11,"column":67}},"type":"binary-expr","locations":[{"start":{"line":11,"column":46},"end":{"line":11,"column":49}},{"start":{"line":11,"column":53},"end":{"line":11,"column":67}}],"line":11},"2":{"loc":{"start":{"line":91,"column":20},"end":{"line":91,"column":60}},"type":"binary-expr","locations":[{"start":{"line":91,"column":20},"end":{"line":91,"column":39}},{"start":{"line":91,"column":43},"end":{"line":91,"column":60}}],"line":91},"3":{"loc":{"start":{"line":92,"column":20},"end":{"line":92,"column":60}},"type":"binary-expr","locations":[{"start":{"line":92,"column":20},"end":{"line":92,"column":39}},{"start":{"line":92,"column":43},"end":{"line":92,"column":60}}],"line":92},"4":{"loc":{"start":{"line":93,"column":17},"end":{"line":93,"column":51}},"type":"binary-expr","locations":[{"start":{"line":93,"column":17},"end":{"line":93,"column":33}},{"start":{"line":93,"column":37},"end":{"line":93,"column":51}}],"line":93},"5":{"loc":{"start":{"line":94,"column":17},"end":{"line":94,"column":51}},"type":"binary-expr","locations":[{"start":{"line":94,"column":17},"end":{"line":94,"column":33}},{"start":{"line":94,"column":37},"end":{"line":94,"column":51}}],"line":94},"6":{"loc":{"start":{"line":148,"column":6},"end":{"line":152,"column":7}},"type":"if","locations":[{"start":{"line":148,"column":6},"end":{"line":152,"column":7}},{"start":{"line":148,"column":6},"end":{"line":152,"column":7}}],"line":148},"7":{"loc":{"start":{"line":153,"column":6},"end":{"line":159,"column":7}},"type":"if","locations":[{"start":{"line":153,"column":6},"end":{"line":159,"column":7}},{"start":{"line":153,"column":6},"end":{"line":159,"column":7}}],"line":153},"8":{"loc":{"start":{"line":155,"column":13},"end":{"line":159,"column":7}},"type":"if","locations":[{"start":{"line":155,"column":13},"end":{"line":159,"column":7}},{"start":{"line":155,"column":13},"end":{"line":159,"column":7}}],"line":155},"9":{"loc":{"start":{"line":157,"column":13},"end":{"line":159,"column":7}},"type":"if","locations":[{"start":{"line":157,"column":13},"end":{"line":159,"column":7}},{"start":{"line":157,"column":13},"end":{"line":159,"column":7}}],"line":157},"10":{"loc":{"start":{"line":175,"column":6},"end":{"line":179,"column":7}},"type":"if","locations":[{"start":{"line":175,"column":6},"end":{"line":179,"column":7}},{"start":{"line":175,"column":6},"end":{"line":179,"column":7}}],"line"
[...]
":1,"22":0,"23":1,"24":1,"25":0,"26":3,"27":3,"28":0,"29":3,"30":2,"31":1,"32":0,"33":1,"34":1,"35":3,"36":3,"37":0,"38":3,"39":1,"40":2,"41":1,"42":1,"43":1,"44":1,"45":1,"46":1,"47":1,"48":0,"49":2,"50":2,"51":1,"52":1,"53":0},"f":{"0":1,"1":6,"2":6,"3":6,"4":6,"5":6,"6":6,"7":6,"8":5,"9":4,"10":1,"11":1,"12":1,"13":1,"14":1,"15":0,"16":1,"17":1,"18":0,"19":3,"20":3,"21":3,"22":3,"23":1,"24":1,"25":1,"26":1,"27":0,"28":2,"29":2,"30":0},"b":{"0":[1,0],"1":[1,1],"2":[1,0],"3":[1,0],"4":[1,0],"5":[1,1],"6":[0,3],"7":[2,1],"8":[0,1],"9":[1,0],"10":[0,3],"11":[1,2],"12":[1,1],"13":[1,0],"14":[1,1]},"_coverageSchema":"332fd63041d2c1bcb487cc26dd0d5f7d97098a6c","hash":"bd5ecc704c9f2a9b8be13bd4db2380918f9dc385","contentHash":"2e415589dfa03b03f6135347363d5a53_11.2.1"},"/Users/andeladeveloper/More-Recipes/server/controllers/reviews.js":{"path":"/Users/andeladeveloper/More-Recipes/server/controllers/reviews.js","statementMap":{"0":{"start":{"line":3,"column":0},"end":{"line":5,"column":3}},"1":{"start":{"line":7,"column":14},"end":{"line":7,"column":34}},"2":{"start":{"line":9,"column":15},"end":{"line":9,"column":46}},"3":{"start":{"line":11,"column":18},"end":{"line":11,"column":53}},"4":{"start":{"line":13,"column":39},"end":{"line":13,"column":93}},"5":{"start":{"line":15,"column":14},"end":{"line":15,"column":38}},"6":{"start":{"line":16,"column":0},"end":{"line":61,"column":2}},"7":{"start":{"line":24,"column":4},"end":{"line":37,"column":7}},"8":{"start":{"line":29,"column":6},"end":{"line":32,"column":9}},"9":{"start":{"line":34,"column":6},"end":{"line":34,"column":47}},"10":{"start":{"line":36,"column":6},"end":{"line":36,"column":41}},"11":{"start":{"line":47,"column":4},"end":{"line":59,"column":7}},"12":{"start":{"line":50,"column":6},"end":{"line":56,"column":7}},"13":{"start":{"line":51,"column":8},"end":{"line":53,"column":11}},"14":{"start":{"line":55,"column":8},"end":{"line":55,"column":38}},"15":{"start":{"line":58,"column":6},"end":{"line":58,"column":41}}},"fnMap":{"0":{"name":"_interopRequireDefault","decl":{"start":{"line":13,"column":9},"end":{"line":13,"column":31}},"loc":{"start":{"line":13,"column":37},"end":{"line":13,"column":95}},"line":13},"1":{"name":"postReview","decl":{"start":{"line":23,"column":23},"end":{"line":23,"column":33}},"loc":{"start":{"line":23,"column":44},"end":{"line":38,"column":3}},"line":23},"2":{"name":"(anonymous_2)","decl":{"start":{"line":28,"column":12},"end":{"line":28,"column":13}},"loc":{"start":{"line":28,"column":30},"end":{"line":33,"column":5}},"line":28},"3":{"name":"(anonymous_3)","decl":{"start":{"line":33,"column":12},"end":{"line":33,"column":13}},"loc":{"start":{"line":33,"column":24},"end":{"line":35,"column":5}},"line":33},"4":{"name":"(anonymous_4)","decl":{"start":{"line":35,"column":13},"end":{"line":35,"column":14}},"loc":{"start":{"line":35,"column":30},"end":{"line":37,"column":5}},"line":35},"5":{"name":"getReviews","decl":{"start":{"line":46,"column":23},"end":{"line":46,"column":33}},"loc":{"start":{"line":46,"column":44},"end":{"line":60,"column":3}},"line":46},"6":{"name":"(anonymous_6)","decl":{"start":{"line":49,"column":12},"end":{"line":49,"column":13}},"loc":{"start":{"line":49,"column":31},"end":{"line":57,"column":5}},"line":49},"7":{"name":"(anonymous_7)","decl":{"start":{"line":57,"column":13},"end":{"line":57,"column":14}},"loc":{"start":{"line":57,"column":30},"end":{"line":59,"column":5}},"line":57}},"branchMap":{"0":{"loc":{"start":{"line":13,"column":46},"end":{"line":13,"column":92}},"type":"cond-expr","locations":[{"start":{"line":13,"column":70},"end":{"line":13,"column":73}},{"start":{"line":13,"column":76},"end":{"line":13,"column":92}}],"line":13},"1":{"loc":{"start":{"line":13,"column":46},"end":{"line":13,"column":67}},"type":"binary-expr","locations":[{"start":{"line":13,"column":46},"end":{"line":13,"column":49}},{"start":{"line":13,"column":53},"end":{"line":13,"column":67}}],"line":13},"2":{"loc":{"start":{"line":50,"column":6},"end":{"line":56,"column":7}},"type":"if","locations":[{"start":{"line":50,"column":6},"end":{"line":56,"column":7}},{"start":{"line":50,"column":6},"end":{"line":56,"column":7}}],"line":50}},"s":{"0":1,"1":1,"2":1,"3":1,"4":1,"5":1,"6":1,"7":1,"8":1,"9":1,"10":0,"11":2,"12":2,"13":1,"14":1,"15":0},"f":{"0":1,"1":1,"2":1,"3":1,"4":0,"5":2,"6":2,"7":0},"b":{"0":[1,0],"1":[1,1],"2":[1,1]},"_coverageSchema":"332fd63041d2c1bcb487cc26dd0d5f7d97098a6c","hash":"54daf25866d1e940275d295b69d7ed5bf9b8f6d2","contentHash":"fa548441a8dedbdee7736652870bb978_11.2.1"},"/Users/andeladeveloper/More-Recipes/server/controllers/favoriteRecipes.js":{"path":"/Users/andeladeveloper/More-Recipes/server/controllers/favoriteRecipes.js","statementMap":{"0":{"start":{"line":3,"column":0},"end":{"line":5,"column":3}},"1":{"start":{"line":7,"column":14},"end":{"line":7,"column":34}},"2":{"start":{"line":9,"column":15},"end":{"line":9,"column":46}},"3":{"start":{"line":11,"column":39},"end":{"line":11,"column":93}},"4":{"start":{"line":13,"column":22},"end":{"line":13,"column":54}},"5":{"start":{"line":14,"column":0},"end":{"line":65,"column":2}},"6":{"start":{"line":22,"column":4},"end":{"line":33,"column":7}},"7":{"start":{"line":26,"column":6},"end":{"line":30,"column":9}},"8":{"start":{"line":32,"column":6},"end":{"line":32,"column":41}},"9":{"start":{"line":43,"column":4},"end":{"line":63,"column":7}},"10":{"start":{"line":54,"column":6},"end":{"line":60,"column":7}},"11":{"start":{"line":55,"column":8},"end":{"line":57,"column":11}},"12":{"start":{"line":59,"column":8},"end":{"line":59,"column":45}},"13":{"start":{"line":62,"column":6},"end":{"line":62,"column":41}}},"fnMap":{"0":{"name":"_interopRequireDefault","decl":{"start":{"line":11,"column":9},"end":{"line":11,"column":31}},"loc":{"start":{"line":11,"column":37},"end":{"line":11,"column":95}},"line":11},"1":{"name":"favoriteRecipe","decl":{"start":{"line":21,"column":27},"end":{"line":21,"column":41}},"loc":{"start":{"line":21,"column":52},"end":{"line":34,"column":3}},"line":21},"2":{"name":"(anonymous_2)","decl":{"start":{"line":25,"column":12},"end":{"line":25,"column":13}},"loc":{"start":{"line":25,"column":32},"end":{"line":31,"column":5}},"line":25},"3":{"name":"(anonymous_3)","decl":{"start":{"line":31,"column":13},"end":{"line":31,"column":14}},"loc":{"start":{"line":31,"column":30},"end":{"line":33,"column":5}},"line":31},"4":{"name":"getfavoriteRecipe","decl":{"start":{"line":42,"column":30},"end":{"line":42,"column":47}},"loc":{"start":{"line":42,"column":58},"end":{"line":64,"column":3}},"line":42},"5":{"name":"(anonymous_5)","decl":{"start":{"line":53,"column":12},"end":{"line":53,"column":13}},"loc":{"start":{"line":53,"column":38},"end":{"line":61,"column":5}},"line":53},"6":{"name":"(anonymous_6)","decl":{"start":{"line":61,"column":13},"end":{"line":61,"column":14}},"loc":{"start":{"line":61,"column":30},"end":{"line":63,"column":5}},"line":61}},"branchMap":{"0":{"loc":{"start":{"line":11,"column":46},"end":{"line":11,"column":92}},"type":"cond-expr","locations":[{"start":{"line":11,"column":70},"end":{"line":11,"column":73}},{"start":{"line":11,"column":76},"end":{"line":11,"column":92}}],"line":11},"1":{"loc":{"start":{"line":11,"column":46},"end":{"line":11,"column":67}},"type":"binary-expr","locations":[{"start":{"line":11,"column":46},"end":{"line":11,"column":49}},{"start":{"line":11,"column":53},"end":{"line":11,"column":67}}],"line":11},"2":{"loc":{"start":{"line":54,"column":6},"end":{"line":60,"column":7}},"type":"if","locations":[{"start":{"line":54,"column":6},"end":{"line":60,"column":7}},{"start":{"line":54,"column":6},"end":{"line":60,"column":7}}],"line":54}},"s":{"0":1,"1":1,"2":1,"3":1,"4":1,"5":1,"6":1,"7":1,"8":0,"9":2,"10":2,"11":1,"12":1,"13":0},"f":{"0":1,"1":1,"2":1,"3":0,"4":2,"5":2,"6":0},"b":{"0":[1,0],"1":[1,1],"2":[1,1]},"_coverageSchema":"332fd63041d2c1bcb487cc26dd0d5f7d97098a6c","hash":"2dc394ee6f70b68c260e183e7a50605c295b18a8","contentHash":"c441fed5246d6ea6fa3789bd7ebb379f_11.2.1"},"/Users/andeladeveloper/More-Recipes/server/controllers/searchRecipes.js":{"path":"/Users/andeladeveloper/More-Recipes/server/controllers/searchRecipes.js","statementMap":{"0":{"start":{"line":3,"column":0},"end":{"line":5,"column":3}},"1":{"start":{"line":7,"column":14},"end":{"line":7,"column":34}},"2":{"start":{"line":9,"column":15},"end":{"line":9,"column":46}},"3":{"start":{"line":11,"column":39},"end":{"line":11,"column":93}},"4":{"start":{"line":13,"column":14},"end":{"line":13,"column":38}},"5":{"start":{"line":14,"column":0},"end":{"line":114,"column":2}},"6":{"start":{"line":24,"column":4},"end":{"line":112,"column":5}},"7":{"start":{"line":25,"column":6},"end":{"line":38,"column":9}},"8":{"start":{"line":37,"column":8},"end":{"line":37,"column":38}},"9":{"start":{"line":39,"column":11},"end":{"line":112,"column":5}},"10":{"start":{"line":40,"column":20},"end":{"line":40,"column":26}},"11":{"start":{"line":41,"column":6},"end":{"line":91,"column":9}},"12":{"start":{"line":58,"column":8},"end":{"line":58,"column":40}},"13":{"start":{"line":60,"column":8},"end":{"line":90,"column":11}},"14":{"start":{"line":81,"column":10},"end":{"line":87,"column":11}},"15":{"start":{"line":82,"column":12},"end":{"line":86,"column":15}},"16":{"start":{"line":88,"column":10},"end":{"line":89,"column":44}},"17":{"start":{"line":93,"column":6},"end":{"line":111,"column":9}},"18":{"start":{"line":103,"column":8},"end":{"line":107,"column":9}},"19":{"start":{"line":104,"column":10},"end":{"line":106,"column":13}},"20":{"start":{"line":108,"column":8},"end":{"line":108,"column":45}},"21":{"start":{"line":110,"column":8},"end":{"line":110,"column":43}}},"fnMap":{"0":{"name":"_interopRequireDefault","decl":{"start":{"line":11,"column":9},"end":{"line":11,"column":31}},"loc":{"start":{"line":11,"column":37},"end":{"line":11,"column":95}},"line":11},"1":{"name":"getAllRecipes","decl":{"start":{"line":23,"column":26},"end":{"line":23,"column":39}},"loc":{"start":{"line":23,"column":50},"end":{"line":113,"column":3}},"line":23},"2":{"name":"(anonymous_2)","decl":{"start":{"line":36,"column":14},"end":{"line":36,"column":15}},"loc":{"start":{"line":36,"column":33},"end":{"line":38,"column":7}},"line":36},"3":{"name":"(anonymous_3)","decl":{"start":{"line":57,"column":14},"end":{"line":57,"column":15}},"loc":{"start":{"line":57,"column":38},"end":{"line":59,"column":7}},"line":57},"4":{"name":"(anonymous_4)","decl":{"start":{"line":59,"column":14},"end":{"line":59,"column":15}},"loc":{"start":{"line":59,"column":26},"end":{"line":91,"column":7}},"line":59},"5":{"name":"(anonymous_5)","decl":{"start":{"line":80,"column":16},"end":{"line":80,"column":17}},"loc":{"start":{"line":80,"column":34},"end":{"line":90,"column":9}},"line":80},"6":{"name":"(anonymous_6)","decl":{"start":{"line":102,"column":14},"end":{"line":102,"column":15}},"loc":{"start":{"line":102,"column":33},"end":{"line":109,"column":7}},"line":102},"7":{"name":"(anonymous_7)","decl":{"start":{"line":109,"column":15},"end":{"line":109,"column":16}},"loc":{"start":{"line":109,"column":32},"end":{"line":111,"column":7}},"line":109}},"branchMap":{"0":{"loc":{"start":{"line":11,"column":46},"end":{"line":11,"column":92}},"type":"cond-expr","locations":[{"start":{"line":11,"column":70},"end":{"line":11,"column":73}},{"start":{"line":11,"column":76},"end":{"line":11,"column":92}}],"line":11},"1":{"loc":{"start":{"line":11,"column":46},"end":{"line":11,"column":67}},"type":"binary-expr","locations":[{"start":{"line":11,"column":46},"end":{"line":11,"column":49}},{"start":{"line":11,"column":53},"end":{"line":11,"column":67}}],"line":11},"2":{"loc":{"start":{"line":24,"column":4},"end":{"line":112,"column":5}},"type":"if","locations":[{"start":{"line":24,"column":4},"end":{"line":112,"column":5}},{"start":{"line":24,"column":4},"end":{"line":112,"column":5}}],"line":24},"3":{"loc":{"start":{"line":24,"column":8},"end":{"line":24,"column":41}},"type":"binary-expr","locations":[{"start":{"line":24,"column":8},"end":{"line":24,"column":22}},{"start":{"line":24,"column":26},"end":{"line":24,"column":41}}],"line":24},"4":{"loc":{"start":{"line":39,"column":11},"end":{"line":112,"column":5}},"type":"if","locations":[{"start":{"line":39,"column":11},"end":{"line":112,"column":5}},{"start":{"line":39,"column":11},"end":{"line":112,"column":5}}],"line":39},"5":{"loc":{"start":{"line":81,"column":10},"end":{"line":87,"column":11}},"type":"if","locations":[{"start":{"line":81,"column":10},"end":{"line":87,"column":11}},{"start":{"line":81,"column":10},"end":{"line":87,"column":11}}],"line":81},"6":{"loc":{"start":{"line":103,"column":8},"end":{"line":107,"column":9}},"type":"if","locations":[{"start":{"line":103,"column":8},"end":{"line":107,"column":9}},{"start":{"line":103,"column":8},"end":{"line":107,"column":9}}],"line":103}},"s":{"0":1,"1":1,"2":1,"3":1,"4":1,"5":1,"6":4,"7":1,"8":1,"9":3,"10":1,"11":1,"12":1,"13":1,"14":1,"15":0,"16":1,"17":2,"18":2,"19":1,"20":1,"21":0},"f":{"0":1,"1":4,"2":1,"3":1,"4":1,"5":1,"6":2,"7":0},"b":{"0":[1,0],"1":[1,1],"2":[1,3],"3":[4,1],"4":[1,2],"5":[0,1],"6":[1,1]},"_coverageSchema":"332fd63041d2c1bcb487cc26dd0d5f7d97098a6c","hash":"560cb808efe517a3d4a0e5692d96d8499df16275","contentHash":"5fae0c7a686390815b0cba59fe18a676_11.2.1"},"/Users/andeladeveloper/More-Recipes/server/middleware/authentication.js":{"path":"/Users/andeladeveloper/More-Recipes/server/middleware/authentication.js","statementMap":{"0":{"start":{"line":3,"column":0},"end":{"line":5,"column":3}},"1":{"start":{"line":7,"column":14},"end":{"line":7,"column":31}},"2":{"start":{"line":9,"column":15},"end":{"line":9,"column":46}},"3":{"start":{"line":11,"column":20},"end":{"line":11,"column":43}},"4":{"start":{"line":13,"column":21},"end":{"line":13,"column":58}},"5":{"start":{"line":15,"column":14},"end":{"line":15,"column":35}},"6":{"start":{"line":17,"column":15},"end":{"line":17,"column":46}},"7":{"start":{"line":19,"column":39},"end":{"line":19,"column":93}},"8":{"start":{"line":21,"column":0},"end":{"line":21,"column":24}},"9":{"start":{"line":23,"column":10},"end":{"line":23,"column":33}},"10":{"start":{"line":24,"column":12},"end":{"line":24,"column":34}},"11":{"start":{"line":25,"column":0},"end":{"line":97,"column":2}},"12":{"start":{"line":33,"column":4},"end":{"line":43,"column":7}},"13":{"start":{"line":34,"column":6},"end":{"line":40,"column":7}},"14":{"start":{"line":35,"column":8},"end":{"line":37,"column":11}},"15":{"start":{"line":39,"column":8},"end":{"line":39,"column":36}},"16":{"start":{"line":42,"column":6},"end":{"line":42,"column":41}},"17":{"start":{"line":53,"column":16},"end":{"line":53,"column":22}},"18":{"start":{"line":54,"column":25},"end":{"line":54,"column":120}},"19":{"start":{"line":55,"column":4},"end":{"line":59,"column":5}},"20":{"start":{"line":56,"column":6},"end":{"line":56,"column":54}},"21":{"start":{"line":58,"column":6},"end":{"line":58,"column":29}},"22":{"start":{"line":60,"column":4},"end":{"line":74,"column":5}},"23":{"start":{"line":61,"column":6},"end":{"line":68,"column":9}},"24":{"start":{"line":62,"column":8},"end":{"line":67,"column":9}},"25":{"start":{"line":63,"column":10},"end":{"line":63,"column":93}},"26":{"start":{"line":65,"column":10},"end":{"line":65,"column":32}},"27":{"start":{"line":66,"column":10},"end":{"line":66,"column":17}},"28":{"start":{"line":70,"column":6},"end":{"line":73,"column":9}},"29":{"start":{"line":84,"column":23},"end":{"line":84,"column":34}},"30":{"start":{"line":85,"column":4},"end":{"line":95,"column":5}},"31":{"start":{"line":86,"column":6},"end":{"line":88,"column":9}},"32":{"start":{"line":89,"column":11},"end":{"line":95,"column":5}},"33":{"start":{"line":90,"column":6},"end":{"line":90,"column":13}},"34":{"start":{"line":92,"column":6},"end":{"line":94,"column":9}}},"fnMap":{"0":{"name":"_interopRequireDefault","decl":{"start":{"line":19,"column":9},"end":{"line":19,"column":31}},"loc":{"start":{"line":19,"column":37},"end":{"line":19,"column":95}},"line":19},"1":{"name":"getUsers","decl":{"start":{"line":32,"column":21},"end":{"line":32,"column":29}},"loc":{"start":{"line":32,"column":40},"end":{"line":44,"column":3}},"line":32},"2":{"name":"(anonymous_2)","decl":{"start":{"line":33,"column":32},"end":{"line":33,"column":33}},"loc":{"start":{"line":33,"column":49},"end":{"line":41,"column":5}},"line":33},"3":{"name":"(anonymous_3)","decl":{"start":{"line":41,"column":13},"end":{"line":41,"column":14}},"loc":{"start":{"line":41,"column":30},"end":{"line":43,"column":5}},"line":41},"4":{"name":"isLoggedIn","decl":{"start":{"line":52,"column":23},"end":{"line":52,"column":33}},"loc":{"start":{"line":52,"column":50},"end":{"line":75,"column":3}},"line":52},"5":{"name":"(anonymous_5)","decl":{"start":{"line":61,"column":48},"end":{"line":61,"column":49}},"loc":{"start":{"line":61,"column":72},"end":{"line":68,"column":7}},"line":61},"6":{"name":"isAdmin","decl":{"start":{"line":83,"column":20},"end":{"line":83,"column":27}},"loc":{"start":{"line":83,"column":44},"end":{"line":96,"column":3}},"line":83}},"branchMap":{"0":{"loc":{"start":{"line":19,"column":46},"end":{"line":19,"column":92}},"type":"cond-expr","locations":[{"start":{"line":19,"column":70},"end":{"line":19,"column":73}},{"start":{"line":19,"column":76},"end":{"line":19,"column":92}}],"line":19},"1":{"loc":{"start":{"line":19,"column":46},"end":{"line":19,"column":67}},"type":"binary-expr","locations":[{"start":{"line":19,"column":46},"end":{"line":19,"column":49}},{"start":{"line":19,"column":53},"end":{"line":19,"column":67}}],"line":19},"2":{"loc":{"start":{"line":34,"column":6},"end":{"line":40,"column":7}},"type":"if","locations":[{"start":{"line":34,"column":6},"end":{"line":40,"column":7}},{"start":{"line":34,"column":6},"end":{"line":40,"column":7}}],"line":34},"3":{"loc":{"start":{"line":54,"column":25},"end":{"line":54,"column":120}},"type":"binary-expr","locations":[{"start":{"line":54,"column":25},"end":{"line":54,"column":50}},{"start":{"line":54,"column":54},"end":{"line":54,"column":68}},{"start":{"line":54,"column":72},"end":{"line":54,"column":87}},{"start":{"line":54,"column":91},"end":{"line":54,"column":120}}],"line":54},"4":{"loc":{"start":{"line":55,"column":4},"end":{"line":59,"column":5}},"type":"if","locations":[{"start":{"line":55,"column":4},"end":{"line":59,"column":5}},{"start":{"line":55,"column":4},"end":{"line":59,"column":5}}],"line":55},"5":{"loc":{"start":{"line":60,"column":4},"end":{"line":74,"column":5}},"type":"if","locations":[{"start":{"line":60,"column":4},"end":{"line":74,"column":5}},{"start":{"line":60,"column":4},"end":{"line":74,"column":5}}],"line":60},"6":{"loc":{"start":{"line":62,"column":8},"end":{"line":67,"column":9}},"type":"if","locations":[{"start":{"line":62,"column":8},"end":{"line":67,"column":9}},{"start":{"line":62,"column":8},"end":{"line":67,"column":9}}],"line":62},"7":{"loc":{"start":{"line":85,"column":4},"end":{"line":95,"column":5}},"type":"if","locations":[{"start":{"line":85,"column":4},"end":{"line":95,"column":5}},{"start":{"line":85,"column":4},"end":{"line":95,"column":5}}],"line":85},"8":{"loc":{"start":{"line":89,"column":11},"end":{"line":95,"column":5}},"type":"if","locations":[{"start":{"line":89,"column":11},"end":{"line":95,"column":5}},{"start":{"line":89,"column":11},"end":{"line":95,"column":5}}],"line":89}},"s":{"0":1,"1":1,"2":1,"3":1,"4":1,"5":1,"6":1,"7":3,"8":1,"9":1,"10":1,"11":1,"12":2,"13":2,"14":1,"15":1,"16":0,"17":67,"18":67,"19":67,"20":0,"21":67,"22":67,"23":56,"24":56,"25":1,"26":55,"27":55,"28":11,"29":3,"30":3,"31":0,"32":3,"33":2,"34":1},"f":{"0":3,"1":2,"2":2,"3":0,"4":67,"5":56,"6":3},"b":{"0":[1,2],"1":[3,3],"2":[1,1],"3":[67,67,11,11],"4":[0,67],"5":[56,11],"6":[1,55],"7":[0,3],"8":[2,1]},"_coverageSchema":"332fd63041d2c1bcb487cc26dd0d5f7d97098a6c","hash":"efabe852d65d8a0517f9edbb2e39a73eb8fe851c","contentHash":"fc6c903684142b4cd3557493bba41dfc_11.2.1"}}