TN:
SF:D:/gtbank/More-Recipes/app.js
FN:19,(anonymous_1)
FNF:1
FNH:1
FNDA:1,(anonymous_1)
DA:1,1
DA:2,1
DA:3,1
DA:4,1
DA:5,1
DA:7,1
DA:10,1
DA:13,1
DA:14,1
DA:17,1
DA:19,1
DA:20,1
LF:12
LH:12
BRDA:19,0,0,1
BRDA:19,0,1,1
BRF:2
BRH:2
end_of_record
TN:
SF:D:/gtbank/More-Recipes/server/controllers/favoriteRecipes.js
FN:5,favoriteRecipe
FN:17,(anonymous_2)
FN:21,(anonymous_3)
FN:5,getfavoriteRecipe
FN:31,(anonymous_5)
FN:40,(anonymous_6)
FNF:6
FNH:0
FNDA:0,favoriteRecipe
FNDA:0,(anonymous_2)
FNDA:0,(anonymous_3)
FNDA:0,getfavoriteRecipe
FNDA:0,(anonymous_5)
FNDA:0,(anonymous_6)
DA:1,1
DA:12,0
DA:17,0
DA:21,0
DA:27,0
DA:32,0
DA:33,0
DA:37,0
DA:40,0
LF:9
LH:1
BRDA:32,0,0,0
BRDA:32,0,1,0
BRF:2
BRH:0
end_of_record
TN:
SF:D:/gtbank/More-Recipes/server/controllers/recipes.js
FN:5,addRecipe
FN:14,(anonymous_2)
FN:20,(anonymous_3)
FN:5,modifyRecipe
FN:32,(anonymous_5)
FN:36,(anonymous_6)
FN:5,deleteRecipe
FN:47,(anonymous_8)
FN:53,(anonymous_9)
FN:5,getRecipes
FN:60,(anonymous_11)
FN:69,(anonymous_12)
FN:5,upvoteRecipe
FN:84,(anonymous_14)
FN:95,(anonymous_15)
FN:99,(anonymous_16)
FN:5,downvoteRecipe
FN:114,(anonymous_18)
FN:124,(anonymous_19)
FN:128,(anonymous_20)
FN:5,getUpvoteRecipes
FN:137,(anonymous_22)
FNF:22
FNH:2
FNDA:1,addRecipe
FNDA:1,(anonymous_2)
FNDA:0,(anonymous_3)
FNDA:0,modifyRecipe
FNDA:0,(anonymous_5)
FNDA:0,(anonymous_6)
FNDA:0,deleteRecipe
FNDA:0,(anonymous_8)
FNDA:0,(anonymous_9)
FNDA:0,getRecipes
FNDA:0,(anonymous_11)
FNDA:0,(anonymous_12)
FNDA:0,upvoteRecipe
FNDA:0,(anonymous_14)
FNDA:0,(anonymous_15)
FNDA:0,(anonymous_16)
FNDA:0,downvoteRecipe
FNDA:0,(anonymous_18)
FNDA:0,(anonymous_19)
FNDA:0,(anonymous_20)
FNDA:0,getUpvoteRecipes
FNDA:0,(anonymous_22)
DA:1,1
DA:9,1
DA:14,1
DA:20,0
DA:25,0
DA:32,0
DA:36,0
DA:41,0
DA:48,0
DA:53,0
DA:58,0
DA:61,0
DA:62,0
DA:66,0
DA:69,0
DA:78,0
DA:85,0
DA:95,0
DA:99,0
DA:108,0
DA:115,0
DA:124,0
DA:128,0
DA:133,0
DA:138,0
LF:25
LH:3
BRDA:61,0,0,0
BRDA:61,0,1,0
BRF:2
BRH:0
end_of_record
TN:
SF:D:/gtbank/More-Recipes/server/controllers/reviews.js
FN:5,postReview
FN:13,(anonymous_2)
FN:16,(anonymous_3)
FN:5,getReviews
FN:25,(anonymous_5)
FN:34,(anonymous_6)
FNF:6
FNH:0
FNDA:0,postReview
FNDA:0,(anonymous_2)
FNDA:0,(anonymous_3)
FNDA:0,getReviews
FNDA:0,(anonymous_5)
FNDA:0,(anonymous_6)
DA:1,1
DA:7,0
DA:13,0
DA:16,0
DA:21,0
DA:26,0
DA:27,0
DA:31,0
DA:34,0
LF:9
LH:1
BRDA:26,0,0,0
BRDA:26,0,1,0
BRF:2
BRH:0
end_of_record
TN:
SF:D:/gtbank/More-Recipes/server/controllers/users.js
FN:13,signup
FN:17,(anonymous_2)
FN:25,(anonymous_3)
FN:30,(anonymous_4)
FN:13,signin
FN:41,(anonymous_6)
FN:13,getUsers
FN:60,(anonymous_8)
FN:69,(anonymous_9)
FNF:9
FNH:7
FNDA:2,signup
FNDA:2,(anonymous_2)
FNDA:2,(anonymous_3)
FNDA:0,(anonymous_4)
FNDA:2,signin
FNDA:2,(anonymous_6)
FNDA:1,getUsers
FNDA:1,(anonymous_8)
FNDA:0,(anonymous_9)
DA:1,1
DA:2,1
DA:3,1
DA:4,1
DA:6,1
DA:7,1
DA:11,1
DA:16,2
DA:18,2
DA:25,2
DA:30,0
DA:37,2
DA:42,2
DA:47,2
DA:48,2
DA:58,1
DA:61,1
DA:62,0
DA:66,1
DA:69,0
LF:20
LH:17
BRDA:61,0,0,0
BRDA:61,0,1,1
BRF:2
BRH:1
end_of_record
TN:
SF:D:/gtbank/More-Recipes/server/middleware/authentication.js
FN:15,(anonymous_2)
FNF:1
FNH:1
FNDA:6,(anonymous_2)
DA:1,1
DA:2,1
DA:4,1
DA:6,1
DA:10,7
DA:13,7
DA:15,6
DA:16,6
DA:17,1
DA:20,5
DA:21,5
DA:27,1
LF:12
LH:12
BRDA:10,0,0,7
BRDA:10,0,1,1
BRDA:10,0,2,1
BRDA:13,1,0,6
BRDA:13,1,1,1
BRDA:16,2,0,1
BRDA:16,2,1,5
BRF:7
BRH:7
end_of_record
TN:
SF:D:/gtbank/More-Recipes/server/middleware/validation.js
FN:6,checkRecipeInput
FN:19,checkUserInput
FN:38,checkReviewInput
FN:48,checkRecipeId
FN:55,(anonymous_5)
FN:68,checkUserId
FN:75,(anonymous_7)
FN:88,validateUsers
FN:95,(anonymous_9)
FN:105,(anonymous_10)
FN:117,validateLoginUser
FN:124,(anonymous_12)
FN:135,validateRecipesId
FN:140,(anonymous_14)
FN:150,validateUsersId
FN:157,(anonymous_16)
FN:168,validateUpVote
FN:176,(anonymous_18)
FN:191,validateDownVote
FN:199,(anonymous_20)
FNF:20
FNH:7
FNDA:4,checkRecipeInput
FNDA:10,checkUserInput
FNDA:0,checkReviewInput
FNDA:0,checkRecipeId
FNDA:0,(anonymous_5)
FNDA:0,checkUserId
FNDA:0,(anonymous_7)
FNDA:5,validateUsers
FNDA:5,(anonymous_9)
FNDA:4,(anonymous_10)
FNDA:4,validateLoginUser
FNDA:4,(anonymous_12)
FNDA:0,validateRecipesId
FNDA:0,(anonymous_14)
FNDA:0,validateUsersId
FNDA:0,(anonymous_16)
FNDA:0,validateUpVote
FNDA:0,(anonymous_18)
FNDA:0,validateDownVote
FNDA:0,(anonymous_20)
DA:1,1
DA:2,1
DA:6,1
DA:7,4
DA:8,1
DA:10,3
DA:11,1
DA:13,2
DA:14,1
DA:16,1
DA:19,1
DA:20,10
DA:21,1
DA:23,9
DA:24,1
DA:26,8
DA:27,1
DA:29,7
DA:30,1
DA:32,6
DA:33,1
DA:35,5
DA:38,1
DA:39,0
DA:40,0
DA:42,0
DA:43,0
DA:45,0
DA:48,1
DA:49,0
DA:56,0
DA:57,0
DA:62,0
DA:63,0
DA:65,0
DA:68,1
DA:69,0
DA:76,0
DA:77,0
DA:82,0
DA:83,0
DA:85,0
DA:88,1
DA:89,5
DA:96,5
DA:97,1
DA:99,4
DA:106,4
DA:107,1
DA:109,3
DA:110,1
DA:112,2
DA:117,1
DA:118,4
DA:125,4
DA:126,1
DA:128,3
DA:129,1
DA:131,2
DA:135,1
DA:136,0
DA:141,0
DA:142,0
DA:146,0
DA:150,1
DA:151,0
DA:158,0
DA:159,0
DA:163,0
DA:168,1
DA:169,0
DA:177,0
DA:178,0
DA:182,0
DA:187,0
DA:191,1
DA:192,0
DA:200,0
DA:201,0
DA:205,0
DA:212,0
LF:81
LH:46
BRDA:7,0,0,1
BRDA:7,0,1,3
BRDA:10,1,0,1
BRDA:10,1,1,2
BRDA:13,2,0,1
BRDA:13,2,1,1
BRDA:20,3,0,1
BRDA:20,3,1,9
BRDA:23,4,0,1
BRDA:23,4,1,8
BRDA:26,5,0,1
BRDA:26,5,1,7
BRDA:29,6,0,1
BRDA:29,6,1,6
BRDA:32,7,0,1
BRDA:32,7,1,5
BRDA:39,8,0,0
BRDA:39,8,1,0
BRDA:42,9,0,0
BRDA:42,9,1,0
BRDA:56,10,0,0
BRDA:56,10,1,0
BRDA:62,11,0,0
BRDA:62,11,1,0
BRDA:76,12,0,0
BRDA:76,12,1,0
BRDA:82,13,0,0
BRDA:82,13,1,0
BRDA:96,14,0,1
BRDA:96,14,1,4
BRDA:106,15,0,1
BRDA:106,15,1,3
BRDA:109,16,0,1
BRDA:109,16,1,2
BRDA:125,17,0,1
BRDA:125,17,1,3
BRDA:128,18,0,1
BRDA:128,18,1,2
BRDA:141,19,0,0
BRDA:141,19,1,0
BRDA:158,20,0,0
BRDA:158,20,1,0
BRDA:177,21,0,0
BRDA:177,21,1,0
BRDA:200,22,0,0
BRDA:200,22,1,0
BRF:46
BRH:26
end_of_record
TN:
SF:D:/gtbank/More-Recipes/server/models/favoriterecipes.js
FN:1,(anonymous_0)
FN:13,associate
FNF:2
FNH:1
FNDA:1,(anonymous_0)
FNDA:0,associate
DA:1,1
DA:2,1
DA:15,0
DA:19,0
DA:26,1
LF:5
LH:3
BRF:0
BRH:0
end_of_record
TN:
SF:D:/gtbank/More-Recipes/server/models/index.js
FN:24,(anonymous_1)
FN:28,(anonymous_2)
FN:34,(anonymous_3)
FNF:3
FNH:3
FNDA:6,(anonymous_1)
FNDA:5,(anonymous_2)
FNDA:5,(anonymous_3)
DA:1,1
DA:2,1
DA:3,1
DA:4,1
DA:5,1
DA:7,1
DA:9,1
DA:10,1
DA:11,1
DA:13,1
DA:15,1
DA:16,1
DA:17,0
DA:19,1
DA:22,1
DA:24,6
DA:29,5
DA:30,5
DA:34,1
DA:35,5
DA:36,0
DA:40,1
DA:41,1
LF:23
LH:21
BRDA:10,0,0,1
BRDA:10,0,1,1
BRDA:16,1,0,0
BRDA:16,1,1,1
BRDA:25,2,0,6
BRDA:25,2,1,6
BRDA:25,2,2,5
BRDA:35,3,0,0
BRDA:35,3,1,5
BRF:9
BRH:7
end_of_record
TN:
SF:D:/gtbank/More-Recipes/server/models/recipes.js
FN:1,(anonymous_0)
FN:22,associate
FNF:2
FNH:1
FNDA:1,(anonymous_0)
FNDA:0,associate
DA:1,1
DA:2,1
DA:24,0
DA:27,0
DA:30,0
DA:36,1
LF:6
LH:3
BRF:0
BRH:0
end_of_record
TN:
SF:D:/gtbank/More-Recipes/server/models/reviews.js
FN:1,(anonymous_0)
FN:17,associate
FNF:2
FNH:1
FNDA:1,(anonymous_0)
FNDA:0,associate
DA:1,1
DA:2,1
DA:19,0
DA:23,0
DA:29,1
LF:5
LH:3
BRF:0
BRH:0
end_of_record
TN:
SF:D:/gtbank/More-Recipes/server/models/users.js
FN:1,(anonymous_0)
FN:27,associate
FNF:2
FNH:1
FNDA:1,(anonymous_0)
FNDA:0,associate
DA:1,1
DA:2,1
DA:29,0
DA:32,0
DA:38,1
LF:5
LH:3
BRF:0
BRH:0
end_of_record
TN:
SF:D:/gtbank/More-Recipes/server/models/votes.js
FN:1,(anonymous_0)
FN:13,associate
FNF:2
FNH:1
FNDA:1,(anonymous_0)
FNDA:0,associate
DA:1,1
DA:2,1
DA:15,0
DA:19,0
DA:25,1
LF:5
LH:3
BRF:0
BRH:0
end_of_record
TN:
SF:D:/gtbank/More-Recipes/server/routes/index.js
FNF:0
FNH:0
DA:1,1
DA:2,1
DA:3,1
DA:4,1
DA:5,1
DA:6,1
DA:7,1
DA:10,1
DA:14,1
DA:17,1
DA:20,1
DA:23,1
DA:26,1
DA:29,1
DA:32,1
DA:35,1
DA:38,1
DA:41,1
DA:44,1
DA:47,1
DA:50,1
DA:53,1
DA:56,1
LF:23
LH:23
BRF:0
BRH:0
end_of_record
